The system is: Linux - 6.1.0-18-amd64 - x86_64
Compiling the C compiler identification source file "CMakeCCompilerId.c" succeeded.
Compiler: /nix/store/8mjb3ziimfi3rki71q4s0916xkm4cm5p-gcc-wrapper-13.2.0/bin/gcc 
Build flags: 
Id flags:  

The output was:
0


Compilation of the C compiler identification source "CMakeCCompilerId.c" produced "a.out"

The C compiler identification is GNU, found in "/home/shane/bayesian/build/CMakeFiles/3.25.1/CompilerIdC/a.out"

Compiling the CXX compiler identification source file "CMakeCXXCompilerId.cpp" succeeded.
Compiler: /nix/store/8mjb3ziimfi3rki71q4s0916xkm4cm5p-gcc-wrapper-13.2.0/bin/g++ 
Build flags: 
Id flags:  

The output was:
0


Compilation of the CXX compiler identification source "CMakeCXXCompilerId.cpp" produced "a.out"

The CXX compiler identification is GNU, found in "/home/shane/bayesian/build/CMakeFiles/3.25.1/CompilerIdCXX/a.out"

Detecting C compiler ABI info compiled with the following output:
Change Dir: /home/shane/bayesian/build/CMakeFiles/CMakeScratch/TryCompile-a09PWV

Run Build Command(s):/usr/bin/gmake -f Makefile cmTC_f433a/fast && /usr/bin/gmake  -f CMakeFiles/cmTC_f433a.dir/build.make CMakeFiles/cmTC_f433a.dir/build
gmake[1]: Entering directory '/home/shane/bayesian/build/CMakeFiles/CMakeScratch/TryCompile-a09PWV'
Building C object CMakeFiles/cmTC_f433a.dir/CMakeCCompilerABI.c.o
/nix/store/8mjb3ziimfi3rki71q4s0916xkm4cm5p-gcc-wrapper-13.2.0/bin/gcc   -v -o CMakeFiles/cmTC_f433a.dir/CMakeCCompilerABI.c.o -c /usr/share/cmake-3.25/Modules/CMakeCCompilerABI.c
Using built-in specs.
COLLECT_GCC=/nix/store/9hgsinpfgyvsd92v0wlvmxv9wnaal68r-gcc-13.2.0/bin/gcc
Target: x86_64-unknown-linux-gnu
Configured with: ../gcc-13.2.0/configure --prefix=/nix/store/eeeeeeeeeeeeeeeeeeeeeeeeeeeeeeee-gcc-13.2.0 --with-gmp-include=/nix/store/eeeeeeeeeeeeeeeeeeeeeeeeeeeeeeee-gmp-6.3.0-dev/include --with-gmp-lib=/nix/store/eeeeeeeeeeeeeeeeeeeeeeeeeeeeeeee-gmp-6.3.0/lib --with-mpfr-include=/nix/store/eeeeeeeeeeeeeeeeeeeeeeeeeeeeeeee-mpfr-4.2.1-dev/include --with-mpfr-lib=/nix/store/eeeeeeeeeeeeeeeeeeeeeeeeeeeeeeee-mpfr-4.2.1/lib --with-mpc=/nix/store/eeeeeeeeeeeeeeeeeeeeeeeeeeeeeeee-libmpc-1.3.1 --with-native-system-header-dir=/nix/store/eeeeeeeeeeeeeeeeeeeeeeeeeeeeeeee-glibc-2.39-31-dev/include --with-build-sysroot=/ --with-gxx-include-dir=/nix/store/eeeeeeeeeeeeeeeeeeeeeeeeeeeeeeee-gcc-13.2.0/include/c++/13.2.0/ --program-prefix= --enable-lto --disable-libstdcxx-pch --without-included-gettext --with-system-zlib --enable-static --enable-languages=c,c++ --disable-multilib --enable-plugin --disable-libcc1 --with-isl=/nix/store/eeeeeeeeeeeeeeeeeeeeeeeeeeeeeeee-isl-0.20 --disable-bootstrap --build=x86_64-unknown-linux-gnu --host=x86_64-unknown-linux-gnu --target=x86_64-unknown-linux-gnu
Thread model: posix
Supported LTO compression algorithms: zlib
gcc version 13.2.0 (GCC) 
COLLECT_GCC_OPTIONS='-v' '-o' 'CMakeFiles/cmTC_f433a.dir/CMakeCCompilerABI.c.o' '-c' '-B' '/nix/store/apab5i73dqa09wx0q27b6fbhd1r18ihl-glibc-2.39-31/lib/' '-idirafter' '/nix/store/s3pvsv4as7mc8i2nwnk2hnsyi2qdj4bq-glibc-2.39-31-dev/include' '-idirafter' '/nix/store/9hgsinpfgyvsd92v0wlvmxv9wnaal68r-gcc-13.2.0/lib/gcc/x86_64-unknown-linux-gnu/13.2.0/include-fixed' '-B' '/nix/store/p3ffjixpnfgkqh20nsrc13vrj3yfi0nj-gcc-13.2.0-lib/lib' '-B' '/nix/store/8mjb3ziimfi3rki71q4s0916xkm4cm5p-gcc-wrapper-13.2.0/bin/' '-mtune=generic' '-march=x86-64' '-dumpdir' 'CMakeFiles/cmTC_f433a.dir/'
 /nix/store/9hgsinpfgyvsd92v0wlvmxv9wnaal68r-gcc-13.2.0/libexec/gcc/x86_64-unknown-linux-gnu/13.2.0/cc1 -quiet -v -idirafter /nix/store/s3pvsv4as7mc8i2nwnk2hnsyi2qdj4bq-glibc-2.39-31-dev/include -idirafter /nix/store/9hgsinpfgyvsd92v0wlvmxv9wnaal68r-gcc-13.2.0/lib/gcc/x86_64-unknown-linux-gnu/13.2.0/include-fixed /usr/share/cmake-3.25/Modules/CMakeCCompilerABI.c -quiet -dumpdir CMakeFiles/cmTC_f433a.dir/ -dumpbase CMakeCCompilerABI.c.c -dumpbase-ext .c -mtune=generic -march=x86-64 -version -o /tmp/ccqmL9Oq.s
GNU C17 (GCC) version 13.2.0 (x86_64-unknown-linux-gnu)
	compiled by GNU C version 13.2.0, GMP version 6.3.0, MPFR version 4.2.1, MPC version 1.3.1, isl version isl-0.20-GMP

GGC heuristics: --param ggc-min-expand=100 --param ggc-min-heapsize=131072
ignoring nonexistent directory "/nix/store/9hgsinpfgyvsd92v0wlvmxv9wnaal68r-gcc-13.2.0/lib/gcc/x86_64-unknown-linux-gnu/13.2.0/../../../../x86_64-unknown-linux-gnu/include"
ignoring duplicate directory "/nix/store/s3pvsv4as7mc8i2nwnk2hnsyi2qdj4bq-glibc-2.39-31-dev/include"
ignoring duplicate directory "/nix/store/9hgsinpfgyvsd92v0wlvmxv9wnaal68r-gcc-13.2.0/lib/gcc/x86_64-unknown-linux-gnu/13.2.0/include-fixed"
#include "..." search starts here:
#include <...> search starts here:
 /nix/store/9hgsinpfgyvsd92v0wlvmxv9wnaal68r-gcc-13.2.0/lib/gcc/x86_64-unknown-linux-gnu/13.2.0/include
 /nix/store/9hgsinpfgyvsd92v0wlvmxv9wnaal68r-gcc-13.2.0/include
 /nix/store/9hgsinpfgyvsd92v0wlvmxv9wnaal68r-gcc-13.2.0/lib/gcc/x86_64-unknown-linux-gnu/13.2.0/include-fixed
 /nix/store/s3pvsv4as7mc8i2nwnk2hnsyi2qdj4bq-glibc-2.39-31-dev/include
End of search list.
Compiler executable checksum: 32bcbdcbc45f0d334dc0245815667e62
COLLECT_GCC_OPTIONS='-v' '-o' 'CMakeFiles/cmTC_f433a.dir/CMakeCCompilerABI.c.o' '-c' '-B' '/nix/store/apab5i73dqa09wx0q27b6fbhd1r18ihl-glibc-2.39-31/lib/' '-idirafter' '/nix/store/s3pvsv4as7mc8i2nwnk2hnsyi2qdj4bq-glibc-2.39-31-dev/include' '-idirafter' '/nix/store/9hgsinpfgyvsd92v0wlvmxv9wnaal68r-gcc-13.2.0/lib/gcc/x86_64-unknown-linux-gnu/13.2.0/include-fixed' '-B' '/nix/store/p3ffjixpnfgkqh20nsrc13vrj3yfi0nj-gcc-13.2.0-lib/lib' '-B' '/nix/store/8mjb3ziimfi3rki71q4s0916xkm4cm5p-gcc-wrapper-13.2.0/bin/' '-mtune=generic' '-march=x86-64' '-dumpdir' 'CMakeFiles/cmTC_f433a.dir/'
 /nix/store/8mjb3ziimfi3rki71q4s0916xkm4cm5p-gcc-wrapper-13.2.0/bin/as -v --64 -o CMakeFiles/cmTC_f433a.dir/CMakeCCompilerABI.c.o /tmp/ccqmL9Oq.s
GNU assembler version 2.41 (x86_64-unknown-linux-gnu) using BFD version (GNU Binutils) 2.41
COMPILER_PATH=/nix/store/apab5i73dqa09wx0q27b6fbhd1r18ihl-glibc-2.39-31/lib/:/nix/store/p3ffjixpnfgkqh20nsrc13vrj3yfi0nj-gcc-13.2.0-lib/lib/:/nix/store/8mjb3ziimfi3rki71q4s0916xkm4cm5p-gcc-wrapper-13.2.0/bin/:/nix/store/9hgsinpfgyvsd92v0wlvmxv9wnaal68r-gcc-13.2.0/libexec/gcc/x86_64-unknown-linux-gnu/13.2.0/:/nix/store/9hgsinpfgyvsd92v0wlvmxv9wnaal68r-gcc-13.2.0/libexec/gcc/x86_64-unknown-linux-gnu/13.2.0/:/nix/store/9hgsinpfgyvsd92v0wlvmxv9wnaal68r-gcc-13.2.0/libexec/gcc/x86_64-unknown-linux-gnu/:/nix/store/9hgsinpfgyvsd92v0wlvmxv9wnaal68r-gcc-13.2.0/lib/gcc/x86_64-unknown-linux-gnu/13.2.0/:/nix/store/9hgsinpfgyvsd92v0wlvmxv9wnaal68r-gcc-13.2.0/lib/gcc/x86_64-unknown-linux-gnu/
LIBRARY_PATH=/nix/store/apab5i73dqa09wx0q27b6fbhd1r18ihl-glibc-2.39-31/lib/:/nix/store/p3ffjixpnfgkqh20nsrc13vrj3yfi0nj-gcc-13.2.0-lib/lib/:/nix/store/8mjb3ziimfi3rki71q4s0916xkm4cm5p-gcc-wrapper-13.2.0/bin/:/nix/store/9hgsinpfgyvsd92v0wlvmxv9wnaal68r-gcc-13.2.0/lib/gcc/x86_64-unknown-linux-gnu/13.2.0/:/nix/store/9hgsinpfgyvsd92v0wlvmxv9wnaal68r-gcc-13.2.0/lib/gcc/x86_64-unknown-linux-gnu/13.2.0/../../../../lib64/:/nix/store/9hgsinpfgyvsd92v0wlvmxv9wnaal68r-gcc-13.2.0/lib/gcc/x86_64-unknown-linux-gnu/13.2.0/../../../
COLLECT_GCC_OPTIONS='-v' '-o' 'CMakeFiles/cmTC_f433a.dir/CMakeCCompilerABI.c.o' '-c' '-B' '/nix/store/apab5i73dqa09wx0q27b6fbhd1r18ihl-glibc-2.39-31/lib/' '-idirafter' '/nix/store/s3pvsv4as7mc8i2nwnk2hnsyi2qdj4bq-glibc-2.39-31-dev/include' '-idirafter' '/nix/store/9hgsinpfgyvsd92v0wlvmxv9wnaal68r-gcc-13.2.0/lib/gcc/x86_64-unknown-linux-gnu/13.2.0/include-fixed' '-B' '/nix/store/p3ffjixpnfgkqh20nsrc13vrj3yfi0nj-gcc-13.2.0-lib/lib' '-B' '/nix/store/8mjb3ziimfi3rki71q4s0916xkm4cm5p-gcc-wrapper-13.2.0/bin/' '-mtune=generic' '-march=x86-64' '-dumpdir' 'CMakeFiles/cmTC_f433a.dir/CMakeCCompilerABI.c.'
Linking C executable cmTC_f433a
/usr/bin/cmake -E cmake_link_script CMakeFiles/cmTC_f433a.dir/link.txt --verbose=1
/nix/store/8mjb3ziimfi3rki71q4s0916xkm4cm5p-gcc-wrapper-13.2.0/bin/gcc  -v CMakeFiles/cmTC_f433a.dir/CMakeCCompilerABI.c.o -o cmTC_f433a 
Using built-in specs.
COLLECT_GCC=/nix/store/9hgsinpfgyvsd92v0wlvmxv9wnaal68r-gcc-13.2.0/bin/gcc
COLLECT_LTO_WRAPPER=/nix/store/9hgsinpfgyvsd92v0wlvmxv9wnaal68r-gcc-13.2.0/libexec/gcc/x86_64-unknown-linux-gnu/13.2.0/lto-wrapper
Target: x86_64-unknown-linux-gnu
Configured with: ../gcc-13.2.0/configure --prefix=/nix/store/eeeeeeeeeeeeeeeeeeeeeeeeeeeeeeee-gcc-13.2.0 --with-gmp-include=/nix/store/eeeeeeeeeeeeeeeeeeeeeeeeeeeeeeee-gmp-6.3.0-dev/include --with-gmp-lib=/nix/store/eeeeeeeeeeeeeeeeeeeeeeeeeeeeeeee-gmp-6.3.0/lib --with-mpfr-include=/nix/store/eeeeeeeeeeeeeeeeeeeeeeeeeeeeeeee-mpfr-4.2.1-dev/include --with-mpfr-lib=/nix/store/eeeeeeeeeeeeeeeeeeeeeeeeeeeeeeee-mpfr-4.2.1/lib --with-mpc=/nix/store/eeeeeeeeeeeeeeeeeeeeeeeeeeeeeeee-libmpc-1.3.1 --with-native-system-header-dir=/nix/store/eeeeeeeeeeeeeeeeeeeeeeeeeeeeeeee-glibc-2.39-31-dev/include --with-build-sysroot=/ --with-gxx-include-dir=/nix/store/eeeeeeeeeeeeeeeeeeeeeeeeeeeeeeee-gcc-13.2.0/include/c++/13.2.0/ --program-prefix= --enable-lto --disable-libstdcxx-pch --without-included-gettext --with-system-zlib --enable-static --enable-languages=c,c++ --disable-multilib --enable-plugin --disable-libcc1 --with-isl=/nix/store/eeeeeeeeeeeeeeeeeeeeeeeeeeeeeeee-isl-0.20 --disable-bootstrap --build=x86_64-unknown-linux-gnu --host=x86_64-unknown-linux-gnu --target=x86_64-unknown-linux-gnu
Thread model: posix
Supported LTO compression algorithms: zlib
gcc version 13.2.0 (GCC) 
COMPILER_PATH=/nix/store/apab5i73dqa09wx0q27b6fbhd1r18ihl-glibc-2.39-31/lib/:/nix/store/p3ffjixpnfgkqh20nsrc13vrj3yfi0nj-gcc-13.2.0-lib/lib/:/nix/store/8mjb3ziimfi3rki71q4s0916xkm4cm5p-gcc-wrapper-13.2.0/bin/:/nix/store/9hgsinpfgyvsd92v0wlvmxv9wnaal68r-gcc-13.2.0/libexec/gcc/x86_64-unknown-linux-gnu/13.2.0/:/nix/store/9hgsinpfgyvsd92v0wlvmxv9wnaal68r-gcc-13.2.0/libexec/gcc/x86_64-unknown-linux-gnu/13.2.0/:/nix/store/9hgsinpfgyvsd92v0wlvmxv9wnaal68r-gcc-13.2.0/libexec/gcc/x86_64-unknown-linux-gnu/:/nix/store/9hgsinpfgyvsd92v0wlvmxv9wnaal68r-gcc-13.2.0/lib/gcc/x86_64-unknown-linux-gnu/13.2.0/:/nix/store/9hgsinpfgyvsd92v0wlvmxv9wnaal68r-gcc-13.2.0/lib/gcc/x86_64-unknown-linux-gnu/
LIBRARY_PATH=/nix/store/apab5i73dqa09wx0q27b6fbhd1r18ihl-glibc-2.39-31/lib/:/nix/store/p3ffjixpnfgkqh20nsrc13vrj3yfi0nj-gcc-13.2.0-lib/lib/:/nix/store/8mjb3ziimfi3rki71q4s0916xkm4cm5p-gcc-wrapper-13.2.0/bin/:/nix/store/9hgsinpfgyvsd92v0wlvmxv9wnaal68r-gcc-13.2.0/lib/gcc/x86_64-unknown-linux-gnu/13.2.0/:/nix/store/9hgsinpfgyvsd92v0wlvmxv9wnaal68r-gcc-13.2.0/lib/gcc/x86_64-unknown-linux-gnu/13.2.0/../../../../lib64/:/nix/store/9hgsinpfgyvsd92v0wlvmxv9wnaal68r-gcc-13.2.0/lib/gcc/x86_64-unknown-linux-gnu/13.2.0/../../../
COLLECT_GCC_OPTIONS='-v' '-o' 'cmTC_f433a' '-B' '/nix/store/apab5i73dqa09wx0q27b6fbhd1r18ihl-glibc-2.39-31/lib/' '-idirafter' '/nix/store/s3pvsv4as7mc8i2nwnk2hnsyi2qdj4bq-glibc-2.39-31-dev/include' '-idirafter' '/nix/store/9hgsinpfgyvsd92v0wlvmxv9wnaal68r-gcc-13.2.0/lib/gcc/x86_64-unknown-linux-gnu/13.2.0/include-fixed' '-B' '/nix/store/p3ffjixpnfgkqh20nsrc13vrj3yfi0nj-gcc-13.2.0-lib/lib' '-B' '/nix/store/8mjb3ziimfi3rki71q4s0916xkm4cm5p-gcc-wrapper-13.2.0/bin/' '-L/nix/store/apab5i73dqa09wx0q27b6fbhd1r18ihl-glibc-2.39-31/lib' '-L/nix/store/9hgsinpfgyvsd92v0wlvmxv9wnaal68r-gcc-13.2.0/lib/gcc/x86_64-unknown-linux-gnu/13.2.0' '-L/nix/store/p3ffjixpnfgkqh20nsrc13vrj3yfi0nj-gcc-13.2.0-lib/lib' '-L/nix/store/p3ffjixpnfgkqh20nsrc13vrj3yfi0nj-gcc-13.2.0-lib/lib' '-mtune=generic' '-march=x86-64' '-dumpdir' 'cmTC_f433a.'
 /nix/store/9hgsinpfgyvsd92v0wlvmxv9wnaal68r-gcc-13.2.0/libexec/gcc/x86_64-unknown-linux-gnu/13.2.0/collect2 -plugin /nix/store/9hgsinpfgyvsd92v0wlvmxv9wnaal68r-gcc-13.2.0/libexec/gcc/x86_64-unknown-linux-gnu/13.2.0/liblto_plugin.so -plugin-opt=/nix/store/9hgsinpfgyvsd92v0wlvmxv9wnaal68r-gcc-13.2.0/libexec/gcc/x86_64-unknown-linux-gnu/13.2.0/lto-wrapper -plugin-opt=-fresolution=/tmp/ccmWez0Y.res -plugin-opt=-pass-through=-lgcc -plugin-opt=-pass-through=-lgcc_s -plugin-opt=-pass-through=-lc -plugin-opt=-pass-through=-lgcc -plugin-opt=-pass-through=-lgcc_s --eh-frame-hdr -m elf_x86_64 -dynamic-linker /nix/store/apab5i73dqa09wx0q27b6fbhd1r18ihl-glibc-2.39-31/lib64/ld-linux-x86-64.so.2 -o cmTC_f433a /nix/store/apab5i73dqa09wx0q27b6fbhd1r18ihl-glibc-2.39-31/lib/crt1.o /nix/store/apab5i73dqa09wx0q27b6fbhd1r18ihl-glibc-2.39-31/lib/crti.o /nix/store/9hgsinpfgyvsd92v0wlvmxv9wnaal68r-gcc-13.2.0/lib/gcc/x86_64-unknown-linux-gnu/13.2.0/crtbegin.o -L/nix/store/apab5i73dqa09wx0q27b6fbhd1r18ihl-glibc-2.39-31/lib -L/nix/store/9hgsinpfgyvsd92v0wlvmxv9wnaal68r-gcc-13.2.0/lib/gcc/x86_64-unknown-linux-gnu/13.2.0 -L/nix/store/p3ffjixpnfgkqh20nsrc13vrj3yfi0nj-gcc-13.2.0-lib/lib -L/nix/store/p3ffjixpnfgkqh20nsrc13vrj3yfi0nj-gcc-13.2.0-lib/lib -L/nix/store/apab5i73dqa09wx0q27b6fbhd1r18ihl-glibc-2.39-31/lib -L/nix/store/p3ffjixpnfgkqh20nsrc13vrj3yfi0nj-gcc-13.2.0-lib/lib -L/nix/store/8mjb3ziimfi3rki71q4s0916xkm4cm5p-gcc-wrapper-13.2.0/bin -L/nix/store/9hgsinpfgyvsd92v0wlvmxv9wnaal68r-gcc-13.2.0/lib/gcc/x86_64-unknown-linux-gnu/13.2.0 -L/nix/store/9hgsinpfgyvsd92v0wlvmxv9wnaal68r-gcc-13.2.0/lib/gcc/x86_64-unknown-linux-gnu/13.2.0/../../../../lib64 -L/nix/store/9hgsinpfgyvsd92v0wlvmxv9wnaal68r-gcc-13.2.0/lib/gcc/x86_64-unknown-linux-gnu/13.2.0/../../.. -dynamic-linker=/nix/store/apab5i73dqa09wx0q27b6fbhd1r18ihl-glibc-2.39-31/lib/ld-linux-x86-64.so.2 CMakeFiles/cmTC_f433a.dir/CMakeCCompilerABI.c.o -lgcc --push-state --as-needed -lgcc_s --pop-state -lc -lgcc --push-state --as-needed -lgcc_s --pop-state /nix/store/9hgsinpfgyvsd92v0wlvmxv9wnaal68r-gcc-13.2.0/lib/gcc/x86_64-unknown-linux-gnu/13.2.0/crtend.o /nix/store/apab5i73dqa09wx0q27b6fbhd1r18ihl-glibc-2.39-31/lib/crtn.o
COLLECT_GCC_OPTIONS='-v' '-o' 'cmTC_f433a' '-B' '/nix/store/apab5i73dqa09wx0q27b6fbhd1r18ihl-glibc-2.39-31/lib/' '-idirafter' '/nix/store/s3pvsv4as7mc8i2nwnk2hnsyi2qdj4bq-glibc-2.39-31-dev/include' '-idirafter' '/nix/store/9hgsinpfgyvsd92v0wlvmxv9wnaal68r-gcc-13.2.0/lib/gcc/x86_64-unknown-linux-gnu/13.2.0/include-fixed' '-B' '/nix/store/p3ffjixpnfgkqh20nsrc13vrj3yfi0nj-gcc-13.2.0-lib/lib' '-B' '/nix/store/8mjb3ziimfi3rki71q4s0916xkm4cm5p-gcc-wrapper-13.2.0/bin/' '-L/nix/store/apab5i73dqa09wx0q27b6fbhd1r18ihl-glibc-2.39-31/lib' '-L/nix/store/9hgsinpfgyvsd92v0wlvmxv9wnaal68r-gcc-13.2.0/lib/gcc/x86_64-unknown-linux-gnu/13.2.0' '-L/nix/store/p3ffjixpnfgkqh20nsrc13vrj3yfi0nj-gcc-13.2.0-lib/lib' '-L/nix/store/p3ffjixpnfgkqh20nsrc13vrj3yfi0nj-gcc-13.2.0-lib/lib' '-mtune=generic' '-march=x86-64' '-dumpdir' 'cmTC_f433a.'
gmake[1]: Leaving directory '/home/shane/bayesian/build/CMakeFiles/CMakeScratch/TryCompile-a09PWV'



Parsed C implicit include dir info from above output: rv=done
  found start of include info
  found start of implicit include info
    add: [/nix/store/9hgsinpfgyvsd92v0wlvmxv9wnaal68r-gcc-13.2.0/lib/gcc/x86_64-unknown-linux-gnu/13.2.0/include]
    add: [/nix/store/9hgsinpfgyvsd92v0wlvmxv9wnaal68r-gcc-13.2.0/include]
    add: [/nix/store/9hgsinpfgyvsd92v0wlvmxv9wnaal68r-gcc-13.2.0/lib/gcc/x86_64-unknown-linux-gnu/13.2.0/include-fixed]
    add: [/nix/store/s3pvsv4as7mc8i2nwnk2hnsyi2qdj4bq-glibc-2.39-31-dev/include]
  end of search list found
  collapse include dir [/nix/store/9hgsinpfgyvsd92v0wlvmxv9wnaal68r-gcc-13.2.0/lib/gcc/x86_64-unknown-linux-gnu/13.2.0/include] ==> [/nix/store/9hgsinpfgyvsd92v0wlvmxv9wnaal68r-gcc-13.2.0/lib/gcc/x86_64-unknown-linux-gnu/13.2.0/include]
  collapse include dir [/nix/store/9hgsinpfgyvsd92v0wlvmxv9wnaal68r-gcc-13.2.0/include] ==> [/nix/store/9hgsinpfgyvsd92v0wlvmxv9wnaal68r-gcc-13.2.0/include]
  collapse include dir [/nix/store/9hgsinpfgyvsd92v0wlvmxv9wnaal68r-gcc-13.2.0/lib/gcc/x86_64-unknown-linux-gnu/13.2.0/include-fixed] ==> [/nix/store/9hgsinpfgyvsd92v0wlvmxv9wnaal68r-gcc-13.2.0/lib/gcc/x86_64-unknown-linux-gnu/13.2.0/include-fixed]
  collapse include dir [/nix/store/s3pvsv4as7mc8i2nwnk2hnsyi2qdj4bq-glibc-2.39-31-dev/include] ==> [/nix/store/s3pvsv4as7mc8i2nwnk2hnsyi2qdj4bq-glibc-2.39-31-dev/include]
  implicit include dirs: [/nix/store/9hgsinpfgyvsd92v0wlvmxv9wnaal68r-gcc-13.2.0/lib/gcc/x86_64-unknown-linux-gnu/13.2.0/include;/nix/store/9hgsinpfgyvsd92v0wlvmxv9wnaal68r-gcc-13.2.0/include;/nix/store/9hgsinpfgyvsd92v0wlvmxv9wnaal68r-gcc-13.2.0/lib/gcc/x86_64-unknown-linux-gnu/13.2.0/include-fixed;/nix/store/s3pvsv4as7mc8i2nwnk2hnsyi2qdj4bq-glibc-2.39-31-dev/include]


Parsed C implicit link information from above output:
  link line regex: [^( *|.*[/\])(ld|CMAKE_LINK_STARTFILE-NOTFOUND|([^/\]+-)?ld|collect2)[^/\]*( |$)]
  ignore line: [Change Dir: /home/shane/bayesian/build/CMakeFiles/CMakeScratch/TryCompile-a09PWV]
  ignore line: []
  ignore line: [Run Build Command(s):/usr/bin/gmake -f Makefile cmTC_f433a/fast && /usr/bin/gmake  -f CMakeFiles/cmTC_f433a.dir/build.make CMakeFiles/cmTC_f433a.dir/build]
  ignore line: [gmake[1]: Entering directory '/home/shane/bayesian/build/CMakeFiles/CMakeScratch/TryCompile-a09PWV']
  ignore line: [Building C object CMakeFiles/cmTC_f433a.dir/CMakeCCompilerABI.c.o]
  ignore line: [/nix/store/8mjb3ziimfi3rki71q4s0916xkm4cm5p-gcc-wrapper-13.2.0/bin/gcc   -v -o CMakeFiles/cmTC_f433a.dir/CMakeCCompilerABI.c.o -c /usr/share/cmake-3.25/Modules/CMakeCCompilerABI.c]
  ignore line: [Using built-in specs.]
  ignore line: [COLLECT_GCC=/nix/store/9hgsinpfgyvsd92v0wlvmxv9wnaal68r-gcc-13.2.0/bin/gcc]
  ignore line: [Target: x86_64-unknown-linux-gnu]
  ignore line: [Configured with: ../gcc-13.2.0/configure --prefix=/nix/store/eeeeeeeeeeeeeeeeeeeeeeeeeeeeeeee-gcc-13.2.0 --with-gmp-include=/nix/store/eeeeeeeeeeeeeeeeeeeeeeeeeeeeeeee-gmp-6.3.0-dev/include --with-gmp-lib=/nix/store/eeeeeeeeeeeeeeeeeeeeeeeeeeeeeeee-gmp-6.3.0/lib --with-mpfr-include=/nix/store/eeeeeeeeeeeeeeeeeeeeeeeeeeeeeeee-mpfr-4.2.1-dev/include --with-mpfr-lib=/nix/store/eeeeeeeeeeeeeeeeeeeeeeeeeeeeeeee-mpfr-4.2.1/lib --with-mpc=/nix/store/eeeeeeeeeeeeeeeeeeeeeeeeeeeeeeee-libmpc-1.3.1 --with-native-system-header-dir=/nix/store/eeeeeeeeeeeeeeeeeeeeeeeeeeeeeeee-glibc-2.39-31-dev/include --with-build-sysroot=/ --with-gxx-include-dir=/nix/store/eeeeeeeeeeeeeeeeeeeeeeeeeeeeeeee-gcc-13.2.0/include/c++/13.2.0/ --program-prefix= --enable-lto --disable-libstdcxx-pch --without-included-gettext --with-system-zlib --enable-static --enable-languages=c c++ --disable-multilib --enable-plugin --disable-libcc1 --with-isl=/nix/store/eeeeeeeeeeeeeeeeeeeeeeeeeeeeeeee-isl-0.20 --disable-bootstrap --build=x86_64-unknown-linux-gnu --host=x86_64-unknown-linux-gnu --target=x86_64-unknown-linux-gnu]
  ignore line: [Thread model: posix]
  ignore line: [Supported LTO compression algorithms: zlib]
  ignore line: [gcc version 13.2.0 (GCC) ]
  ignore line: [COLLECT_GCC_OPTIONS='-v' '-o' 'CMakeFiles/cmTC_f433a.dir/CMakeCCompilerABI.c.o' '-c' '-B' '/nix/store/apab5i73dqa09wx0q27b6fbhd1r18ihl-glibc-2.39-31/lib/' '-idirafter' '/nix/store/s3pvsv4as7mc8i2nwnk2hnsyi2qdj4bq-glibc-2.39-31-dev/include' '-idirafter' '/nix/store/9hgsinpfgyvsd92v0wlvmxv9wnaal68r-gcc-13.2.0/lib/gcc/x86_64-unknown-linux-gnu/13.2.0/include-fixed' '-B' '/nix/store/p3ffjixpnfgkqh20nsrc13vrj3yfi0nj-gcc-13.2.0-lib/lib' '-B' '/nix/store/8mjb3ziimfi3rki71q4s0916xkm4cm5p-gcc-wrapper-13.2.0/bin/' '-mtune=generic' '-march=x86-64' '-dumpdir' 'CMakeFiles/cmTC_f433a.dir/']
  ignore line: [ /nix/store/9hgsinpfgyvsd92v0wlvmxv9wnaal68r-gcc-13.2.0/libexec/gcc/x86_64-unknown-linux-gnu/13.2.0/cc1 -quiet -v -idirafter /nix/store/s3pvsv4as7mc8i2nwnk2hnsyi2qdj4bq-glibc-2.39-31-dev/include -idirafter /nix/store/9hgsinpfgyvsd92v0wlvmxv9wnaal68r-gcc-13.2.0/lib/gcc/x86_64-unknown-linux-gnu/13.2.0/include-fixed /usr/share/cmake-3.25/Modules/CMakeCCompilerABI.c -quiet -dumpdir CMakeFiles/cmTC_f433a.dir/ -dumpbase CMakeCCompilerABI.c.c -dumpbase-ext .c -mtune=generic -march=x86-64 -version -o /tmp/ccqmL9Oq.s]
  ignore line: [GNU C17 (GCC) version 13.2.0 (x86_64-unknown-linux-gnu)]
  ignore line: [	compiled by GNU C version 13.2.0  GMP version 6.3.0  MPFR version 4.2.1  MPC version 1.3.1  isl version isl-0.20-GMP]
  ignore line: []
  ignore line: [GGC heuristics: --param ggc-min-expand=100 --param ggc-min-heapsize=131072]
  ignore line: [ignoring nonexistent directory "/nix/store/9hgsinpfgyvsd92v0wlvmxv9wnaal68r-gcc-13.2.0/lib/gcc/x86_64-unknown-linux-gnu/13.2.0/../../../../x86_64-unknown-linux-gnu/include"]
  ignore line: [ignoring duplicate directory "/nix/store/s3pvsv4as7mc8i2nwnk2hnsyi2qdj4bq-glibc-2.39-31-dev/include"]
  ignore line: [ignoring duplicate directory "/nix/store/9hgsinpfgyvsd92v0wlvmxv9wnaal68r-gcc-13.2.0/lib/gcc/x86_64-unknown-linux-gnu/13.2.0/include-fixed"]
  ignore line: [#include "..." search starts here:]
  ignore line: [#include <...> search starts here:]
  ignore line: [ /nix/store/9hgsinpfgyvsd92v0wlvmxv9wnaal68r-gcc-13.2.0/lib/gcc/x86_64-unknown-linux-gnu/13.2.0/include]
  ignore line: [ /nix/store/9hgsinpfgyvsd92v0wlvmxv9wnaal68r-gcc-13.2.0/include]
  ignore line: [ /nix/store/9hgsinpfgyvsd92v0wlvmxv9wnaal68r-gcc-13.2.0/lib/gcc/x86_64-unknown-linux-gnu/13.2.0/include-fixed]
  ignore line: [ /nix/store/s3pvsv4as7mc8i2nwnk2hnsyi2qdj4bq-glibc-2.39-31-dev/include]
  ignore line: [End of search list.]
  ignore line: [Compiler executable checksum: 32bcbdcbc45f0d334dc0245815667e62]
  ignore line: [COLLECT_GCC_OPTIONS='-v' '-o' 'CMakeFiles/cmTC_f433a.dir/CMakeCCompilerABI.c.o' '-c' '-B' '/nix/store/apab5i73dqa09wx0q27b6fbhd1r18ihl-glibc-2.39-31/lib/' '-idirafter' '/nix/store/s3pvsv4as7mc8i2nwnk2hnsyi2qdj4bq-glibc-2.39-31-dev/include' '-idirafter' '/nix/store/9hgsinpfgyvsd92v0wlvmxv9wnaal68r-gcc-13.2.0/lib/gcc/x86_64-unknown-linux-gnu/13.2.0/include-fixed' '-B' '/nix/store/p3ffjixpnfgkqh20nsrc13vrj3yfi0nj-gcc-13.2.0-lib/lib' '-B' '/nix/store/8mjb3ziimfi3rki71q4s0916xkm4cm5p-gcc-wrapper-13.2.0/bin/' '-mtune=generic' '-march=x86-64' '-dumpdir' 'CMakeFiles/cmTC_f433a.dir/']
  ignore line: [ /nix/store/8mjb3ziimfi3rki71q4s0916xkm4cm5p-gcc-wrapper-13.2.0/bin/as -v --64 -o CMakeFiles/cmTC_f433a.dir/CMakeCCompilerABI.c.o /tmp/ccqmL9Oq.s]
  ignore line: [GNU assembler version 2.41 (x86_64-unknown-linux-gnu) using BFD version (GNU Binutils) 2.41]
  ignore line: [COMPILER_PATH=/nix/store/apab5i73dqa09wx0q27b6fbhd1r18ihl-glibc-2.39-31/lib/:/nix/store/p3ffjixpnfgkqh20nsrc13vrj3yfi0nj-gcc-13.2.0-lib/lib/:/nix/store/8mjb3ziimfi3rki71q4s0916xkm4cm5p-gcc-wrapper-13.2.0/bin/:/nix/store/9hgsinpfgyvsd92v0wlvmxv9wnaal68r-gcc-13.2.0/libexec/gcc/x86_64-unknown-linux-gnu/13.2.0/:/nix/store/9hgsinpfgyvsd92v0wlvmxv9wnaal68r-gcc-13.2.0/libexec/gcc/x86_64-unknown-linux-gnu/13.2.0/:/nix/store/9hgsinpfgyvsd92v0wlvmxv9wnaal68r-gcc-13.2.0/libexec/gcc/x86_64-unknown-linux-gnu/:/nix/store/9hgsinpfgyvsd92v0wlvmxv9wnaal68r-gcc-13.2.0/lib/gcc/x86_64-unknown-linux-gnu/13.2.0/:/nix/store/9hgsinpfgyvsd92v0wlvmxv9wnaal68r-gcc-13.2.0/lib/gcc/x86_64-unknown-linux-gnu/]
  ignore line: [LIBRARY_PATH=/nix/store/apab5i73dqa09wx0q27b6fbhd1r18ihl-glibc-2.39-31/lib/:/nix/store/p3ffjixpnfgkqh20nsrc13vrj3yfi0nj-gcc-13.2.0-lib/lib/:/nix/store/8mjb3ziimfi3rki71q4s0916xkm4cm5p-gcc-wrapper-13.2.0/bin/:/nix/store/9hgsinpfgyvsd92v0wlvmxv9wnaal68r-gcc-13.2.0/lib/gcc/x86_64-unknown-linux-gnu/13.2.0/:/nix/store/9hgsinpfgyvsd92v0wlvmxv9wnaal68r-gcc-13.2.0/lib/gcc/x86_64-unknown-linux-gnu/13.2.0/../../../../lib64/:/nix/store/9hgsinpfgyvsd92v0wlvmxv9wnaal68r-gcc-13.2.0/lib/gcc/x86_64-unknown-linux-gnu/13.2.0/../../../]
  ignore line: [COLLECT_GCC_OPTIONS='-v' '-o' 'CMakeFiles/cmTC_f433a.dir/CMakeCCompilerABI.c.o' '-c' '-B' '/nix/store/apab5i73dqa09wx0q27b6fbhd1r18ihl-glibc-2.39-31/lib/' '-idirafter' '/nix/store/s3pvsv4as7mc8i2nwnk2hnsyi2qdj4bq-glibc-2.39-31-dev/include' '-idirafter' '/nix/store/9hgsinpfgyvsd92v0wlvmxv9wnaal68r-gcc-13.2.0/lib/gcc/x86_64-unknown-linux-gnu/13.2.0/include-fixed' '-B' '/nix/store/p3ffjixpnfgkqh20nsrc13vrj3yfi0nj-gcc-13.2.0-lib/lib' '-B' '/nix/store/8mjb3ziimfi3rki71q4s0916xkm4cm5p-gcc-wrapper-13.2.0/bin/' '-mtune=generic' '-march=x86-64' '-dumpdir' 'CMakeFiles/cmTC_f433a.dir/CMakeCCompilerABI.c.']
  ignore line: [Linking C executable cmTC_f433a]
  ignore line: [/usr/bin/cmake -E cmake_link_script CMakeFiles/cmTC_f433a.dir/link.txt --verbose=1]
  ignore line: [/nix/store/8mjb3ziimfi3rki71q4s0916xkm4cm5p-gcc-wrapper-13.2.0/bin/gcc  -v CMakeFiles/cmTC_f433a.dir/CMakeCCompilerABI.c.o -o cmTC_f433a ]
  ignore line: [Using built-in specs.]
  ignore line: [COLLECT_GCC=/nix/store/9hgsinpfgyvsd92v0wlvmxv9wnaal68r-gcc-13.2.0/bin/gcc]
  ignore line: [COLLECT_LTO_WRAPPER=/nix/store/9hgsinpfgyvsd92v0wlvmxv9wnaal68r-gcc-13.2.0/libexec/gcc/x86_64-unknown-linux-gnu/13.2.0/lto-wrapper]
  ignore line: [Target: x86_64-unknown-linux-gnu]
  ignore line: [Configured with: ../gcc-13.2.0/configure --prefix=/nix/store/eeeeeeeeeeeeeeeeeeeeeeeeeeeeeeee-gcc-13.2.0 --with-gmp-include=/nix/store/eeeeeeeeeeeeeeeeeeeeeeeeeeeeeeee-gmp-6.3.0-dev/include --with-gmp-lib=/nix/store/eeeeeeeeeeeeeeeeeeeeeeeeeeeeeeee-gmp-6.3.0/lib --with-mpfr-include=/nix/store/eeeeeeeeeeeeeeeeeeeeeeeeeeeeeeee-mpfr-4.2.1-dev/include --with-mpfr-lib=/nix/store/eeeeeeeeeeeeeeeeeeeeeeeeeeeeeeee-mpfr-4.2.1/lib --with-mpc=/nix/store/eeeeeeeeeeeeeeeeeeeeeeeeeeeeeeee-libmpc-1.3.1 --with-native-system-header-dir=/nix/store/eeeeeeeeeeeeeeeeeeeeeeeeeeeeeeee-glibc-2.39-31-dev/include --with-build-sysroot=/ --with-gxx-include-dir=/nix/store/eeeeeeeeeeeeeeeeeeeeeeeeeeeeeeee-gcc-13.2.0/include/c++/13.2.0/ --program-prefix= --enable-lto --disable-libstdcxx-pch --without-included-gettext --with-system-zlib --enable-static --enable-languages=c c++ --disable-multilib --enable-plugin --disable-libcc1 --with-isl=/nix/store/eeeeeeeeeeeeeeeeeeeeeeeeeeeeeeee-isl-0.20 --disable-bootstrap --build=x86_64-unknown-linux-gnu --host=x86_64-unknown-linux-gnu --target=x86_64-unknown-linux-gnu]
  ignore line: [Thread model: posix]
  ignore line: [Supported LTO compression algorithms: zlib]
  ignore line: [gcc version 13.2.0 (GCC) ]
  ignore line: [COMPILER_PATH=/nix/store/apab5i73dqa09wx0q27b6fbhd1r18ihl-glibc-2.39-31/lib/:/nix/store/p3ffjixpnfgkqh20nsrc13vrj3yfi0nj-gcc-13.2.0-lib/lib/:/nix/store/8mjb3ziimfi3rki71q4s0916xkm4cm5p-gcc-wrapper-13.2.0/bin/:/nix/store/9hgsinpfgyvsd92v0wlvmxv9wnaal68r-gcc-13.2.0/libexec/gcc/x86_64-unknown-linux-gnu/13.2.0/:/nix/store/9hgsinpfgyvsd92v0wlvmxv9wnaal68r-gcc-13.2.0/libexec/gcc/x86_64-unknown-linux-gnu/13.2.0/:/nix/store/9hgsinpfgyvsd92v0wlvmxv9wnaal68r-gcc-13.2.0/libexec/gcc/x86_64-unknown-linux-gnu/:/nix/store/9hgsinpfgyvsd92v0wlvmxv9wnaal68r-gcc-13.2.0/lib/gcc/x86_64-unknown-linux-gnu/13.2.0/:/nix/store/9hgsinpfgyvsd92v0wlvmxv9wnaal68r-gcc-13.2.0/lib/gcc/x86_64-unknown-linux-gnu/]
  ignore line: [LIBRARY_PATH=/nix/store/apab5i73dqa09wx0q27b6fbhd1r18ihl-glibc-2.39-31/lib/:/nix/store/p3ffjixpnfgkqh20nsrc13vrj3yfi0nj-gcc-13.2.0-lib/lib/:/nix/store/8mjb3ziimfi3rki71q4s0916xkm4cm5p-gcc-wrapper-13.2.0/bin/:/nix/store/9hgsinpfgyvsd92v0wlvmxv9wnaal68r-gcc-13.2.0/lib/gcc/x86_64-unknown-linux-gnu/13.2.0/:/nix/store/9hgsinpfgyvsd92v0wlvmxv9wnaal68r-gcc-13.2.0/lib/gcc/x86_64-unknown-linux-gnu/13.2.0/../../../../lib64/:/nix/store/9hgsinpfgyvsd92v0wlvmxv9wnaal68r-gcc-13.2.0/lib/gcc/x86_64-unknown-linux-gnu/13.2.0/../../../]
  ignore line: [COLLECT_GCC_OPTIONS='-v' '-o' 'cmTC_f433a' '-B' '/nix/store/apab5i73dqa09wx0q27b6fbhd1r18ihl-glibc-2.39-31/lib/' '-idirafter' '/nix/store/s3pvsv4as7mc8i2nwnk2hnsyi2qdj4bq-glibc-2.39-31-dev/include' '-idirafter' '/nix/store/9hgsinpfgyvsd92v0wlvmxv9wnaal68r-gcc-13.2.0/lib/gcc/x86_64-unknown-linux-gnu/13.2.0/include-fixed' '-B' '/nix/store/p3ffjixpnfgkqh20nsrc13vrj3yfi0nj-gcc-13.2.0-lib/lib' '-B' '/nix/store/8mjb3ziimfi3rki71q4s0916xkm4cm5p-gcc-wrapper-13.2.0/bin/' '-L/nix/store/apab5i73dqa09wx0q27b6fbhd1r18ihl-glibc-2.39-31/lib' '-L/nix/store/9hgsinpfgyvsd92v0wlvmxv9wnaal68r-gcc-13.2.0/lib/gcc/x86_64-unknown-linux-gnu/13.2.0' '-L/nix/store/p3ffjixpnfgkqh20nsrc13vrj3yfi0nj-gcc-13.2.0-lib/lib' '-L/nix/store/p3ffjixpnfgkqh20nsrc13vrj3yfi0nj-gcc-13.2.0-lib/lib' '-mtune=generic' '-march=x86-64' '-dumpdir' 'cmTC_f433a.']
  link line: [ /nix/store/9hgsinpfgyvsd92v0wlvmxv9wnaal68r-gcc-13.2.0/libexec/gcc/x86_64-unknown-linux-gnu/13.2.0/collect2 -plugin /nix/store/9hgsinpfgyvsd92v0wlvmxv9wnaal68r-gcc-13.2.0/libexec/gcc/x86_64-unknown-linux-gnu/13.2.0/liblto_plugin.so -plugin-opt=/nix/store/9hgsinpfgyvsd92v0wlvmxv9wnaal68r-gcc-13.2.0/libexec/gcc/x86_64-unknown-linux-gnu/13.2.0/lto-wrapper -plugin-opt=-fresolution=/tmp/ccmWez0Y.res -plugin-opt=-pass-through=-lgcc -plugin-opt=-pass-through=-lgcc_s -plugin-opt=-pass-through=-lc -plugin-opt=-pass-through=-lgcc -plugin-opt=-pass-through=-lgcc_s --eh-frame-hdr -m elf_x86_64 -dynamic-linker /nix/store/apab5i73dqa09wx0q27b6fbhd1r18ihl-glibc-2.39-31/lib64/ld-linux-x86-64.so.2 -o cmTC_f433a /nix/store/apab5i73dqa09wx0q27b6fbhd1r18ihl-glibc-2.39-31/lib/crt1.o /nix/store/apab5i73dqa09wx0q27b6fbhd1r18ihl-glibc-2.39-31/lib/crti.o /nix/store/9hgsinpfgyvsd92v0wlvmxv9wnaal68r-gcc-13.2.0/lib/gcc/x86_64-unknown-linux-gnu/13.2.0/crtbegin.o -L/nix/store/apab5i73dqa09wx0q27b6fbhd1r18ihl-glibc-2.39-31/lib -L/nix/store/9hgsinpfgyvsd92v0wlvmxv9wnaal68r-gcc-13.2.0/lib/gcc/x86_64-unknown-linux-gnu/13.2.0 -L/nix/store/p3ffjixpnfgkqh20nsrc13vrj3yfi0nj-gcc-13.2.0-lib/lib -L/nix/store/p3ffjixpnfgkqh20nsrc13vrj3yfi0nj-gcc-13.2.0-lib/lib -L/nix/store/apab5i73dqa09wx0q27b6fbhd1r18ihl-glibc-2.39-31/lib -L/nix/store/p3ffjixpnfgkqh20nsrc13vrj3yfi0nj-gcc-13.2.0-lib/lib -L/nix/store/8mjb3ziimfi3rki71q4s0916xkm4cm5p-gcc-wrapper-13.2.0/bin -L/nix/store/9hgsinpfgyvsd92v0wlvmxv9wnaal68r-gcc-13.2.0/lib/gcc/x86_64-unknown-linux-gnu/13.2.0 -L/nix/store/9hgsinpfgyvsd92v0wlvmxv9wnaal68r-gcc-13.2.0/lib/gcc/x86_64-unknown-linux-gnu/13.2.0/../../../../lib64 -L/nix/store/9hgsinpfgyvsd92v0wlvmxv9wnaal68r-gcc-13.2.0/lib/gcc/x86_64-unknown-linux-gnu/13.2.0/../../.. -dynamic-linker=/nix/store/apab5i73dqa09wx0q27b6fbhd1r18ihl-glibc-2.39-31/lib/ld-linux-x86-64.so.2 CMakeFiles/cmTC_f433a.dir/CMakeCCompilerABI.c.o -lgcc --push-state --as-needed -lgcc_s --pop-state -lc -lgcc --push-state --as-needed -lgcc_s --pop-state /nix/store/9hgsinpfgyvsd92v0wlvmxv9wnaal68r-gcc-13.2.0/lib/gcc/x86_64-unknown-linux-gnu/13.2.0/crtend.o /nix/store/apab5i73dqa09wx0q27b6fbhd1r18ihl-glibc-2.39-31/lib/crtn.o]
    arg [/nix/store/9hgsinpfgyvsd92v0wlvmxv9wnaal68r-gcc-13.2.0/libexec/gcc/x86_64-unknown-linux-gnu/13.2.0/collect2] ==> ignore
    arg [-plugin] ==> ignore
    arg [/nix/store/9hgsinpfgyvsd92v0wlvmxv9wnaal68r-gcc-13.2.0/libexec/gcc/x86_64-unknown-linux-gnu/13.2.0/liblto_plugin.so] ==> ignore
    arg [-plugin-opt=/nix/store/9hgsinpfgyvsd92v0wlvmxv9wnaal68r-gcc-13.2.0/libexec/gcc/x86_64-unknown-linux-gnu/13.2.0/lto-wrapper] ==> ignore
    arg [-plugin-opt=-fresolution=/tmp/ccmWez0Y.res] ==> ignore
    arg [-plugin-opt=-pass-through=-lgcc] ==> ignore
    arg [-plugin-opt=-pass-through=-lgcc_s] ==> ignore
    arg [-plugin-opt=-pass-through=-lc] ==> ignore
    arg [-plugin-opt=-pass-through=-lgcc] ==> ignore
    arg [-plugin-opt=-pass-through=-lgcc_s] ==> ignore
    arg [--eh-frame-hdr] ==> ignore
    arg [-m] ==> ignore
    arg [elf_x86_64] ==> ignore
    arg [-dynamic-linker] ==> ignore
    arg [/nix/store/apab5i73dqa09wx0q27b6fbhd1r18ihl-glibc-2.39-31/lib64/ld-linux-x86-64.so.2] ==> ignore
    arg [-o] ==> ignore
    arg [cmTC_f433a] ==> ignore
    arg [/nix/store/apab5i73dqa09wx0q27b6fbhd1r18ihl-glibc-2.39-31/lib/crt1.o] ==> obj [/nix/store/apab5i73dqa09wx0q27b6fbhd1r18ihl-glibc-2.39-31/lib/crt1.o]
    arg [/nix/store/apab5i73dqa09wx0q27b6fbhd1r18ihl-glibc-2.39-31/lib/crti.o] ==> obj [/nix/store/apab5i73dqa09wx0q27b6fbhd1r18ihl-glibc-2.39-31/lib/crti.o]
    arg [/nix/store/9hgsinpfgyvsd92v0wlvmxv9wnaal68r-gcc-13.2.0/lib/gcc/x86_64-unknown-linux-gnu/13.2.0/crtbegin.o] ==> obj [/nix/store/9hgsinpfgyvsd92v0wlvmxv9wnaal68r-gcc-13.2.0/lib/gcc/x86_64-unknown-linux-gnu/13.2.0/crtbegin.o]
    arg [-L/nix/store/apab5i73dqa09wx0q27b6fbhd1r18ihl-glibc-2.39-31/lib] ==> dir [/nix/store/apab5i73dqa09wx0q27b6fbhd1r18ihl-glibc-2.39-31/lib]
    arg [-L/nix/store/9hgsinpfgyvsd92v0wlvmxv9wnaal68r-gcc-13.2.0/lib/gcc/x86_64-unknown-linux-gnu/13.2.0] ==> dir [/nix/store/9hgsinpfgyvsd92v0wlvmxv9wnaal68r-gcc-13.2.0/lib/gcc/x86_64-unknown-linux-gnu/13.2.0]
    arg [-L/nix/store/p3ffjixpnfgkqh20nsrc13vrj3yfi0nj-gcc-13.2.0-lib/lib] ==> dir [/nix/store/p3ffjixpnfgkqh20nsrc13vrj3yfi0nj-gcc-13.2.0-lib/lib]
    arg [-L/nix/store/p3ffjixpnfgkqh20nsrc13vrj3yfi0nj-gcc-13.2.0-lib/lib] ==> dir [/nix/store/p3ffjixpnfgkqh20nsrc13vrj3yfi0nj-gcc-13.2.0-lib/lib]
    arg [-L/nix/store/apab5i73dqa09wx0q27b6fbhd1r18ihl-glibc-2.39-31/lib] ==> dir [/nix/store/apab5i73dqa09wx0q27b6fbhd1r18ihl-glibc-2.39-31/lib]
    arg [-L/nix/store/p3ffjixpnfgkqh20nsrc13vrj3yfi0nj-gcc-13.2.0-lib/lib] ==> dir [/nix/store/p3ffjixpnfgkqh20nsrc13vrj3yfi0nj-gcc-13.2.0-lib/lib]
    arg [-L/nix/store/8mjb3ziimfi3rki71q4s0916xkm4cm5p-gcc-wrapper-13.2.0/bin] ==> dir [/nix/store/8mjb3ziimfi3rki71q4s0916xkm4cm5p-gcc-wrapper-13.2.0/bin]
    arg [-L/nix/store/9hgsinpfgyvsd92v0wlvmxv9wnaal68r-gcc-13.2.0/lib/gcc/x86_64-unknown-linux-gnu/13.2.0] ==> dir [/nix/store/9hgsinpfgyvsd92v0wlvmxv9wnaal68r-gcc-13.2.0/lib/gcc/x86_64-unknown-linux-gnu/13.2.0]
    arg [-L/nix/store/9hgsinpfgyvsd92v0wlvmxv9wnaal68r-gcc-13.2.0/lib/gcc/x86_64-unknown-linux-gnu/13.2.0/../../../../lib64] ==> dir [/nix/store/9hgsinpfgyvsd92v0wlvmxv9wnaal68r-gcc-13.2.0/lib/gcc/x86_64-unknown-linux-gnu/13.2.0/../../../../lib64]
    arg [-L/nix/store/9hgsinpfgyvsd92v0wlvmxv9wnaal68r-gcc-13.2.0/lib/gcc/x86_64-unknown-linux-gnu/13.2.0/../../..] ==> dir [/nix/store/9hgsinpfgyvsd92v0wlvmxv9wnaal68r-gcc-13.2.0/lib/gcc/x86_64-unknown-linux-gnu/13.2.0/../../..]
    arg [-dynamic-linker=/nix/store/apab5i73dqa09wx0q27b6fbhd1r18ihl-glibc-2.39-31/lib/ld-linux-x86-64.so.2] ==> ignore
    arg [CMakeFiles/cmTC_f433a.dir/CMakeCCompilerABI.c.o] ==> ignore
    arg [-lgcc] ==> lib [gcc]
    arg [--push-state] ==> ignore
    arg [--as-needed] ==> ignore
    arg [-lgcc_s] ==> lib [gcc_s]
    arg [--pop-state] ==> ignore
    arg [-lc] ==> lib [c]
    arg [-lgcc] ==> lib [gcc]
    arg [--push-state] ==> ignore
    arg [--as-needed] ==> ignore
    arg [-lgcc_s] ==> lib [gcc_s]
    arg [--pop-state] ==> ignore
    arg [/nix/store/9hgsinpfgyvsd92v0wlvmxv9wnaal68r-gcc-13.2.0/lib/gcc/x86_64-unknown-linux-gnu/13.2.0/crtend.o] ==> obj [/nix/store/9hgsinpfgyvsd92v0wlvmxv9wnaal68r-gcc-13.2.0/lib/gcc/x86_64-unknown-linux-gnu/13.2.0/crtend.o]
    arg [/nix/store/apab5i73dqa09wx0q27b6fbhd1r18ihl-glibc-2.39-31/lib/crtn.o] ==> obj [/nix/store/apab5i73dqa09wx0q27b6fbhd1r18ihl-glibc-2.39-31/lib/crtn.o]
  collapse library dir [/nix/store/apab5i73dqa09wx0q27b6fbhd1r18ihl-glibc-2.39-31/lib] ==> [/nix/store/apab5i73dqa09wx0q27b6fbhd1r18ihl-glibc-2.39-31/lib]
  collapse library dir [/nix/store/9hgsinpfgyvsd92v0wlvmxv9wnaal68r-gcc-13.2.0/lib/gcc/x86_64-unknown-linux-gnu/13.2.0] ==> [/nix/store/9hgsinpfgyvsd92v0wlvmxv9wnaal68r-gcc-13.2.0/lib/gcc/x86_64-unknown-linux-gnu/13.2.0]
  collapse library dir [/nix/store/p3ffjixpnfgkqh20nsrc13vrj3yfi0nj-gcc-13.2.0-lib/lib] ==> [/nix/store/p3ffjixpnfgkqh20nsrc13vrj3yfi0nj-gcc-13.2.0-lib/lib]
  collapse library dir [/nix/store/p3ffjixpnfgkqh20nsrc13vrj3yfi0nj-gcc-13.2.0-lib/lib] ==> [/nix/store/p3ffjixpnfgkqh20nsrc13vrj3yfi0nj-gcc-13.2.0-lib/lib]
  collapse library dir [/nix/store/apab5i73dqa09wx0q27b6fbhd1r18ihl-glibc-2.39-31/lib] ==> [/nix/store/apab5i73dqa09wx0q27b6fbhd1r18ihl-glibc-2.39-31/lib]
  collapse library dir [/nix/store/p3ffjixpnfgkqh20nsrc13vrj3yfi0nj-gcc-13.2.0-lib/lib] ==> [/nix/store/p3ffjixpnfgkqh20nsrc13vrj3yfi0nj-gcc-13.2.0-lib/lib]
  collapse library dir [/nix/store/8mjb3ziimfi3rki71q4s0916xkm4cm5p-gcc-wrapper-13.2.0/bin] ==> [/nix/store/8mjb3ziimfi3rki71q4s0916xkm4cm5p-gcc-wrapper-13.2.0/bin]
  collapse library dir [/nix/store/9hgsinpfgyvsd92v0wlvmxv9wnaal68r-gcc-13.2.0/lib/gcc/x86_64-unknown-linux-gnu/13.2.0] ==> [/nix/store/9hgsinpfgyvsd92v0wlvmxv9wnaal68r-gcc-13.2.0/lib/gcc/x86_64-unknown-linux-gnu/13.2.0]
  collapse library dir [/nix/store/9hgsinpfgyvsd92v0wlvmxv9wnaal68r-gcc-13.2.0/lib/gcc/x86_64-unknown-linux-gnu/13.2.0/../../../../lib64] ==> [/nix/store/9hgsinpfgyvsd92v0wlvmxv9wnaal68r-gcc-13.2.0/lib64]
  collapse library dir [/nix/store/9hgsinpfgyvsd92v0wlvmxv9wnaal68r-gcc-13.2.0/lib/gcc/x86_64-unknown-linux-gnu/13.2.0/../../..] ==> [/nix/store/9hgsinpfgyvsd92v0wlvmxv9wnaal68r-gcc-13.2.0/lib]
  implicit libs: [gcc;gcc_s;c;gcc;gcc_s]
  implicit objs: [/nix/store/apab5i73dqa09wx0q27b6fbhd1r18ihl-glibc-2.39-31/lib/crt1.o;/nix/store/apab5i73dqa09wx0q27b6fbhd1r18ihl-glibc-2.39-31/lib/crti.o;/nix/store/9hgsinpfgyvsd92v0wlvmxv9wnaal68r-gcc-13.2.0/lib/gcc/x86_64-unknown-linux-gnu/13.2.0/crtbegin.o;/nix/store/9hgsinpfgyvsd92v0wlvmxv9wnaal68r-gcc-13.2.0/lib/gcc/x86_64-unknown-linux-gnu/13.2.0/crtend.o;/nix/store/apab5i73dqa09wx0q27b6fbhd1r18ihl-glibc-2.39-31/lib/crtn.o]
  implicit dirs: [/nix/store/apab5i73dqa09wx0q27b6fbhd1r18ihl-glibc-2.39-31/lib;/nix/store/9hgsinpfgyvsd92v0wlvmxv9wnaal68r-gcc-13.2.0/lib/gcc/x86_64-unknown-linux-gnu/13.2.0;/nix/store/p3ffjixpnfgkqh20nsrc13vrj3yfi0nj-gcc-13.2.0-lib/lib;/nix/store/8mjb3ziimfi3rki71q4s0916xkm4cm5p-gcc-wrapper-13.2.0/bin;/nix/store/9hgsinpfgyvsd92v0wlvmxv9wnaal68r-gcc-13.2.0/lib64;/nix/store/9hgsinpfgyvsd92v0wlvmxv9wnaal68r-gcc-13.2.0/lib]
  implicit fwks: []


Detecting CXX compiler ABI info compiled with the following output:
Change Dir: /home/shane/bayesian/build/CMakeFiles/CMakeScratch/TryCompile-sVyGvk

Run Build Command(s):/usr/bin/gmake -f Makefile cmTC_f6746/fast && /usr/bin/gmake  -f CMakeFiles/cmTC_f6746.dir/build.make CMakeFiles/cmTC_f6746.dir/build
gmake[1]: Entering directory '/home/shane/bayesian/build/CMakeFiles/CMakeScratch/TryCompile-sVyGvk'
Building CXX object CMakeFiles/cmTC_f6746.dir/CMakeCXXCompilerABI.cpp.o
/nix/store/8mjb3ziimfi3rki71q4s0916xkm4cm5p-gcc-wrapper-13.2.0/bin/g++   -v -o CMakeFiles/cmTC_f6746.dir/CMakeCXXCompilerABI.cpp.o -c /usr/share/cmake-3.25/Modules/CMakeCXXCompilerABI.cpp
Using built-in specs.
COLLECT_GCC=/nix/store/9hgsinpfgyvsd92v0wlvmxv9wnaal68r-gcc-13.2.0/bin/g++
Target: x86_64-unknown-linux-gnu
Configured with: ../gcc-13.2.0/configure --prefix=/nix/store/eeeeeeeeeeeeeeeeeeeeeeeeeeeeeeee-gcc-13.2.0 --with-gmp-include=/nix/store/eeeeeeeeeeeeeeeeeeeeeeeeeeeeeeee-gmp-6.3.0-dev/include --with-gmp-lib=/nix/store/eeeeeeeeeeeeeeeeeeeeeeeeeeeeeeee-gmp-6.3.0/lib --with-mpfr-include=/nix/store/eeeeeeeeeeeeeeeeeeeeeeeeeeeeeeee-mpfr-4.2.1-dev/include --with-mpfr-lib=/nix/store/eeeeeeeeeeeeeeeeeeeeeeeeeeeeeeee-mpfr-4.2.1/lib --with-mpc=/nix/store/eeeeeeeeeeeeeeeeeeeeeeeeeeeeeeee-libmpc-1.3.1 --with-native-system-header-dir=/nix/store/eeeeeeeeeeeeeeeeeeeeeeeeeeeeeeee-glibc-2.39-31-dev/include --with-build-sysroot=/ --with-gxx-include-dir=/nix/store/eeeeeeeeeeeeeeeeeeeeeeeeeeeeeeee-gcc-13.2.0/include/c++/13.2.0/ --program-prefix= --enable-lto --disable-libstdcxx-pch --without-included-gettext --with-system-zlib --enable-static --enable-languages=c,c++ --disable-multilib --enable-plugin --disable-libcc1 --with-isl=/nix/store/eeeeeeeeeeeeeeeeeeeeeeeeeeeeeeee-isl-0.20 --disable-bootstrap --build=x86_64-unknown-linux-gnu --host=x86_64-unknown-linux-gnu --target=x86_64-unknown-linux-gnu
Thread model: posix
Supported LTO compression algorithms: zlib
gcc version 13.2.0 (GCC) 
COLLECT_GCC_OPTIONS='-v' '-o' 'CMakeFiles/cmTC_f6746.dir/CMakeCXXCompilerABI.cpp.o' '-c' '-B' '/nix/store/apab5i73dqa09wx0q27b6fbhd1r18ihl-glibc-2.39-31/lib/' '-idirafter' '/nix/store/s3pvsv4as7mc8i2nwnk2hnsyi2qdj4bq-glibc-2.39-31-dev/include' '-idirafter' '/nix/store/9hgsinpfgyvsd92v0wlvmxv9wnaal68r-gcc-13.2.0/lib/gcc/x86_64-unknown-linux-gnu/13.2.0/include-fixed' '-B' '/nix/store/p3ffjixpnfgkqh20nsrc13vrj3yfi0nj-gcc-13.2.0-lib/lib' '-B' '/nix/store/8mjb3ziimfi3rki71q4s0916xkm4cm5p-gcc-wrapper-13.2.0/bin/' '-shared-libgcc' '-mtune=generic' '-march=x86-64' '-dumpdir' 'CMakeFiles/cmTC_f6746.dir/'
 /nix/store/9hgsinpfgyvsd92v0wlvmxv9wnaal68r-gcc-13.2.0/libexec/gcc/x86_64-unknown-linux-gnu/13.2.0/cc1plus -quiet -v -D_GNU_SOURCE -idirafter /nix/store/s3pvsv4as7mc8i2nwnk2hnsyi2qdj4bq-glibc-2.39-31-dev/include -idirafter /nix/store/9hgsinpfgyvsd92v0wlvmxv9wnaal68r-gcc-13.2.0/lib/gcc/x86_64-unknown-linux-gnu/13.2.0/include-fixed /usr/share/cmake-3.25/Modules/CMakeCXXCompilerABI.cpp -quiet -dumpdir CMakeFiles/cmTC_f6746.dir/ -dumpbase CMakeCXXCompilerABI.cpp.cpp -dumpbase-ext .cpp -mtune=generic -march=x86-64 -version -o /tmp/cc4OpyVp.s
GNU C++17 (GCC) version 13.2.0 (x86_64-unknown-linux-gnu)
	compiled by GNU C version 13.2.0, GMP version 6.3.0, MPFR version 4.2.1, MPC version 1.3.1, isl version isl-0.20-GMP

GGC heuristics: --param ggc-min-expand=100 --param ggc-min-heapsize=131072
ignoring nonexistent directory "/nix/store/9hgsinpfgyvsd92v0wlvmxv9wnaal68r-gcc-13.2.0/lib/gcc/x86_64-unknown-linux-gnu/13.2.0/../../../../x86_64-unknown-linux-gnu/include"
ignoring duplicate directory "/nix/store/s3pvsv4as7mc8i2nwnk2hnsyi2qdj4bq-glibc-2.39-31-dev/include"
ignoring duplicate directory "/nix/store/9hgsinpfgyvsd92v0wlvmxv9wnaal68r-gcc-13.2.0/lib/gcc/x86_64-unknown-linux-gnu/13.2.0/include-fixed"
#include "..." search starts here:
#include <...> search starts here:
 /nix/store/9hgsinpfgyvsd92v0wlvmxv9wnaal68r-gcc-13.2.0/include/c++/13.2.0/
 /nix/store/9hgsinpfgyvsd92v0wlvmxv9wnaal68r-gcc-13.2.0/include/c++/13.2.0//x86_64-unknown-linux-gnu
 /nix/store/9hgsinpfgyvsd92v0wlvmxv9wnaal68r-gcc-13.2.0/include/c++/13.2.0//backward
 /nix/store/9hgsinpfgyvsd92v0wlvmxv9wnaal68r-gcc-13.2.0/lib/gcc/x86_64-unknown-linux-gnu/13.2.0/include
 /nix/store/9hgsinpfgyvsd92v0wlvmxv9wnaal68r-gcc-13.2.0/include
 /nix/store/9hgsinpfgyvsd92v0wlvmxv9wnaal68r-gcc-13.2.0/lib/gcc/x86_64-unknown-linux-gnu/13.2.0/include-fixed
 /nix/store/s3pvsv4as7mc8i2nwnk2hnsyi2qdj4bq-glibc-2.39-31-dev/include
End of search list.
Compiler executable checksum: f1a790dfca0e1b2d753ea1a34dbc374f
COLLECT_GCC_OPTIONS='-v' '-o' 'CMakeFiles/cmTC_f6746.dir/CMakeCXXCompilerABI.cpp.o' '-c' '-B' '/nix/store/apab5i73dqa09wx0q27b6fbhd1r18ihl-glibc-2.39-31/lib/' '-idirafter' '/nix/store/s3pvsv4as7mc8i2nwnk2hnsyi2qdj4bq-glibc-2.39-31-dev/include' '-idirafter' '/nix/store/9hgsinpfgyvsd92v0wlvmxv9wnaal68r-gcc-13.2.0/lib/gcc/x86_64-unknown-linux-gnu/13.2.0/include-fixed' '-B' '/nix/store/p3ffjixpnfgkqh20nsrc13vrj3yfi0nj-gcc-13.2.0-lib/lib' '-B' '/nix/store/8mjb3ziimfi3rki71q4s0916xkm4cm5p-gcc-wrapper-13.2.0/bin/' '-shared-libgcc' '-mtune=generic' '-march=x86-64' '-dumpdir' 'CMakeFiles/cmTC_f6746.dir/'
 /nix/store/8mjb3ziimfi3rki71q4s0916xkm4cm5p-gcc-wrapper-13.2.0/bin/as -v --64 -o CMakeFiles/cmTC_f6746.dir/CMakeCXXCompilerABI.cpp.o /tmp/cc4OpyVp.s
GNU assembler version 2.41 (x86_64-unknown-linux-gnu) using BFD version (GNU Binutils) 2.41
COMPILER_PATH=/nix/store/apab5i73dqa09wx0q27b6fbhd1r18ihl-glibc-2.39-31/lib/:/nix/store/p3ffjixpnfgkqh20nsrc13vrj3yfi0nj-gcc-13.2.0-lib/lib/:/nix/store/8mjb3ziimfi3rki71q4s0916xkm4cm5p-gcc-wrapper-13.2.0/bin/:/nix/store/9hgsinpfgyvsd92v0wlvmxv9wnaal68r-gcc-13.2.0/libexec/gcc/x86_64-unknown-linux-gnu/13.2.0/:/nix/store/9hgsinpfgyvsd92v0wlvmxv9wnaal68r-gcc-13.2.0/libexec/gcc/x86_64-unknown-linux-gnu/13.2.0/:/nix/store/9hgsinpfgyvsd92v0wlvmxv9wnaal68r-gcc-13.2.0/libexec/gcc/x86_64-unknown-linux-gnu/:/nix/store/9hgsinpfgyvsd92v0wlvmxv9wnaal68r-gcc-13.2.0/lib/gcc/x86_64-unknown-linux-gnu/13.2.0/:/nix/store/9hgsinpfgyvsd92v0wlvmxv9wnaal68r-gcc-13.2.0/lib/gcc/x86_64-unknown-linux-gnu/
LIBRARY_PATH=/nix/store/apab5i73dqa09wx0q27b6fbhd1r18ihl-glibc-2.39-31/lib/:/nix/store/p3ffjixpnfgkqh20nsrc13vrj3yfi0nj-gcc-13.2.0-lib/lib/:/nix/store/8mjb3ziimfi3rki71q4s0916xkm4cm5p-gcc-wrapper-13.2.0/bin/:/nix/store/9hgsinpfgyvsd92v0wlvmxv9wnaal68r-gcc-13.2.0/lib/gcc/x86_64-unknown-linux-gnu/13.2.0/:/nix/store/9hgsinpfgyvsd92v0wlvmxv9wnaal68r-gcc-13.2.0/lib/gcc/x86_64-unknown-linux-gnu/13.2.0/../../../../lib64/:/nix/store/9hgsinpfgyvsd92v0wlvmxv9wnaal68r-gcc-13.2.0/lib/gcc/x86_64-unknown-linux-gnu/13.2.0/../../../
COLLECT_GCC_OPTIONS='-v' '-o' 'CMakeFiles/cmTC_f6746.dir/CMakeCXXCompilerABI.cpp.o' '-c' '-B' '/nix/store/apab5i73dqa09wx0q27b6fbhd1r18ihl-glibc-2.39-31/lib/' '-idirafter' '/nix/store/s3pvsv4as7mc8i2nwnk2hnsyi2qdj4bq-glibc-2.39-31-dev/include' '-idirafter' '/nix/store/9hgsinpfgyvsd92v0wlvmxv9wnaal68r-gcc-13.2.0/lib/gcc/x86_64-unknown-linux-gnu/13.2.0/include-fixed' '-B' '/nix/store/p3ffjixpnfgkqh20nsrc13vrj3yfi0nj-gcc-13.2.0-lib/lib' '-B' '/nix/store/8mjb3ziimfi3rki71q4s0916xkm4cm5p-gcc-wrapper-13.2.0/bin/' '-shared-libgcc' '-mtune=generic' '-march=x86-64' '-dumpdir' 'CMakeFiles/cmTC_f6746.dir/CMakeCXXCompilerABI.cpp.'
Linking CXX executable cmTC_f6746
/usr/bin/cmake -E cmake_link_script CMakeFiles/cmTC_f6746.dir/link.txt --verbose=1
/nix/store/8mjb3ziimfi3rki71q4s0916xkm4cm5p-gcc-wrapper-13.2.0/bin/g++  -v CMakeFiles/cmTC_f6746.dir/CMakeCXXCompilerABI.cpp.o -o cmTC_f6746 
Using built-in specs.
COLLECT_GCC=/nix/store/9hgsinpfgyvsd92v0wlvmxv9wnaal68r-gcc-13.2.0/bin/g++
COLLECT_LTO_WRAPPER=/nix/store/9hgsinpfgyvsd92v0wlvmxv9wnaal68r-gcc-13.2.0/libexec/gcc/x86_64-unknown-linux-gnu/13.2.0/lto-wrapper
Target: x86_64-unknown-linux-gnu
Configured with: ../gcc-13.2.0/configure --prefix=/nix/store/eeeeeeeeeeeeeeeeeeeeeeeeeeeeeeee-gcc-13.2.0 --with-gmp-include=/nix/store/eeeeeeeeeeeeeeeeeeeeeeeeeeeeeeee-gmp-6.3.0-dev/include --with-gmp-lib=/nix/store/eeeeeeeeeeeeeeeeeeeeeeeeeeeeeeee-gmp-6.3.0/lib --with-mpfr-include=/nix/store/eeeeeeeeeeeeeeeeeeeeeeeeeeeeeeee-mpfr-4.2.1-dev/include --with-mpfr-lib=/nix/store/eeeeeeeeeeeeeeeeeeeeeeeeeeeeeeee-mpfr-4.2.1/lib --with-mpc=/nix/store/eeeeeeeeeeeeeeeeeeeeeeeeeeeeeeee-libmpc-1.3.1 --with-native-system-header-dir=/nix/store/eeeeeeeeeeeeeeeeeeeeeeeeeeeeeeee-glibc-2.39-31-dev/include --with-build-sysroot=/ --with-gxx-include-dir=/nix/store/eeeeeeeeeeeeeeeeeeeeeeeeeeeeeeee-gcc-13.2.0/include/c++/13.2.0/ --program-prefix= --enable-lto --disable-libstdcxx-pch --without-included-gettext --with-system-zlib --enable-static --enable-languages=c,c++ --disable-multilib --enable-plugin --disable-libcc1 --with-isl=/nix/store/eeeeeeeeeeeeeeeeeeeeeeeeeeeeeeee-isl-0.20 --disable-bootstrap --build=x86_64-unknown-linux-gnu --host=x86_64-unknown-linux-gnu --target=x86_64-unknown-linux-gnu
Thread model: posix
Supported LTO compression algorithms: zlib
gcc version 13.2.0 (GCC) 
COMPILER_PATH=/nix/store/apab5i73dqa09wx0q27b6fbhd1r18ihl-glibc-2.39-31/lib/:/nix/store/p3ffjixpnfgkqh20nsrc13vrj3yfi0nj-gcc-13.2.0-lib/lib/:/nix/store/8mjb3ziimfi3rki71q4s0916xkm4cm5p-gcc-wrapper-13.2.0/bin/:/nix/store/9hgsinpfgyvsd92v0wlvmxv9wnaal68r-gcc-13.2.0/libexec/gcc/x86_64-unknown-linux-gnu/13.2.0/:/nix/store/9hgsinpfgyvsd92v0wlvmxv9wnaal68r-gcc-13.2.0/libexec/gcc/x86_64-unknown-linux-gnu/13.2.0/:/nix/store/9hgsinpfgyvsd92v0wlvmxv9wnaal68r-gcc-13.2.0/libexec/gcc/x86_64-unknown-linux-gnu/:/nix/store/9hgsinpfgyvsd92v0wlvmxv9wnaal68r-gcc-13.2.0/lib/gcc/x86_64-unknown-linux-gnu/13.2.0/:/nix/store/9hgsinpfgyvsd92v0wlvmxv9wnaal68r-gcc-13.2.0/lib/gcc/x86_64-unknown-linux-gnu/
LIBRARY_PATH=/nix/store/apab5i73dqa09wx0q27b6fbhd1r18ihl-glibc-2.39-31/lib/:/nix/store/p3ffjixpnfgkqh20nsrc13vrj3yfi0nj-gcc-13.2.0-lib/lib/:/nix/store/8mjb3ziimfi3rki71q4s0916xkm4cm5p-gcc-wrapper-13.2.0/bin/:/nix/store/9hgsinpfgyvsd92v0wlvmxv9wnaal68r-gcc-13.2.0/lib/gcc/x86_64-unknown-linux-gnu/13.2.0/:/nix/store/9hgsinpfgyvsd92v0wlvmxv9wnaal68r-gcc-13.2.0/lib/gcc/x86_64-unknown-linux-gnu/13.2.0/../../../../lib64/:/nix/store/9hgsinpfgyvsd92v0wlvmxv9wnaal68r-gcc-13.2.0/lib/gcc/x86_64-unknown-linux-gnu/13.2.0/../../../
COLLECT_GCC_OPTIONS='-v' '-o' 'cmTC_f6746' '-B' '/nix/store/apab5i73dqa09wx0q27b6fbhd1r18ihl-glibc-2.39-31/lib/' '-idirafter' '/nix/store/s3pvsv4as7mc8i2nwnk2hnsyi2qdj4bq-glibc-2.39-31-dev/include' '-idirafter' '/nix/store/9hgsinpfgyvsd92v0wlvmxv9wnaal68r-gcc-13.2.0/lib/gcc/x86_64-unknown-linux-gnu/13.2.0/include-fixed' '-B' '/nix/store/p3ffjixpnfgkqh20nsrc13vrj3yfi0nj-gcc-13.2.0-lib/lib' '-B' '/nix/store/8mjb3ziimfi3rki71q4s0916xkm4cm5p-gcc-wrapper-13.2.0/bin/' '-L/nix/store/apab5i73dqa09wx0q27b6fbhd1r18ihl-glibc-2.39-31/lib' '-L/nix/store/9hgsinpfgyvsd92v0wlvmxv9wnaal68r-gcc-13.2.0/lib/gcc/x86_64-unknown-linux-gnu/13.2.0' '-L/nix/store/p3ffjixpnfgkqh20nsrc13vrj3yfi0nj-gcc-13.2.0-lib/lib' '-L/nix/store/p3ffjixpnfgkqh20nsrc13vrj3yfi0nj-gcc-13.2.0-lib/lib' '-shared-libgcc' '-mtune=generic' '-march=x86-64' '-dumpdir' 'cmTC_f6746.'
 /nix/store/9hgsinpfgyvsd92v0wlvmxv9wnaal68r-gcc-13.2.0/libexec/gcc/x86_64-unknown-linux-gnu/13.2.0/collect2 -plugin /nix/store/9hgsinpfgyvsd92v0wlvmxv9wnaal68r-gcc-13.2.0/libexec/gcc/x86_64-unknown-linux-gnu/13.2.0/liblto_plugin.so -plugin-opt=/nix/store/9hgsinpfgyvsd92v0wlvmxv9wnaal68r-gcc-13.2.0/libexec/gcc/x86_64-unknown-linux-gnu/13.2.0/lto-wrapper -plugin-opt=-fresolution=/tmp/ccofaa4y.res -plugin-opt=-pass-through=-lgcc_s -plugin-opt=-pass-through=-lgcc -plugin-opt=-pass-through=-lc -plugin-opt=-pass-through=-lgcc_s -plugin-opt=-pass-through=-lgcc --eh-frame-hdr -m elf_x86_64 -dynamic-linker /nix/store/apab5i73dqa09wx0q27b6fbhd1r18ihl-glibc-2.39-31/lib64/ld-linux-x86-64.so.2 -o cmTC_f6746 /nix/store/apab5i73dqa09wx0q27b6fbhd1r18ihl-glibc-2.39-31/lib/crt1.o /nix/store/apab5i73dqa09wx0q27b6fbhd1r18ihl-glibc-2.39-31/lib/crti.o /nix/store/9hgsinpfgyvsd92v0wlvmxv9wnaal68r-gcc-13.2.0/lib/gcc/x86_64-unknown-linux-gnu/13.2.0/crtbegin.o -L/nix/store/apab5i73dqa09wx0q27b6fbhd1r18ihl-glibc-2.39-31/lib -L/nix/store/9hgsinpfgyvsd92v0wlvmxv9wnaal68r-gcc-13.2.0/lib/gcc/x86_64-unknown-linux-gnu/13.2.0 -L/nix/store/p3ffjixpnfgkqh20nsrc13vrj3yfi0nj-gcc-13.2.0-lib/lib -L/nix/store/p3ffjixpnfgkqh20nsrc13vrj3yfi0nj-gcc-13.2.0-lib/lib -L/nix/store/apab5i73dqa09wx0q27b6fbhd1r18ihl-glibc-2.39-31/lib -L/nix/store/p3ffjixpnfgkqh20nsrc13vrj3yfi0nj-gcc-13.2.0-lib/lib -L/nix/store/8mjb3ziimfi3rki71q4s0916xkm4cm5p-gcc-wrapper-13.2.0/bin -L/nix/store/9hgsinpfgyvsd92v0wlvmxv9wnaal68r-gcc-13.2.0/lib/gcc/x86_64-unknown-linux-gnu/13.2.0 -L/nix/store/9hgsinpfgyvsd92v0wlvmxv9wnaal68r-gcc-13.2.0/lib/gcc/x86_64-unknown-linux-gnu/13.2.0/../../../../lib64 -L/nix/store/9hgsinpfgyvsd92v0wlvmxv9wnaal68r-gcc-13.2.0/lib/gcc/x86_64-unknown-linux-gnu/13.2.0/../../.. -dynamic-linker=/nix/store/apab5i73dqa09wx0q27b6fbhd1r18ihl-glibc-2.39-31/lib/ld-linux-x86-64.so.2 CMakeFiles/cmTC_f6746.dir/CMakeCXXCompilerABI.cpp.o -lstdc++ -lm -lgcc_s -lgcc -lc -lgcc_s -lgcc /nix/store/9hgsinpfgyvsd92v0wlvmxv9wnaal68r-gcc-13.2.0/lib/gcc/x86_64-unknown-linux-gnu/13.2.0/crtend.o /nix/store/apab5i73dqa09wx0q27b6fbhd1r18ihl-glibc-2.39-31/lib/crtn.o
COLLECT_GCC_OPTIONS='-v' '-o' 'cmTC_f6746' '-B' '/nix/store/apab5i73dqa09wx0q27b6fbhd1r18ihl-glibc-2.39-31/lib/' '-idirafter' '/nix/store/s3pvsv4as7mc8i2nwnk2hnsyi2qdj4bq-glibc-2.39-31-dev/include' '-idirafter' '/nix/store/9hgsinpfgyvsd92v0wlvmxv9wnaal68r-gcc-13.2.0/lib/gcc/x86_64-unknown-linux-gnu/13.2.0/include-fixed' '-B' '/nix/store/p3ffjixpnfgkqh20nsrc13vrj3yfi0nj-gcc-13.2.0-lib/lib' '-B' '/nix/store/8mjb3ziimfi3rki71q4s0916xkm4cm5p-gcc-wrapper-13.2.0/bin/' '-L/nix/store/apab5i73dqa09wx0q27b6fbhd1r18ihl-glibc-2.39-31/lib' '-L/nix/store/9hgsinpfgyvsd92v0wlvmxv9wnaal68r-gcc-13.2.0/lib/gcc/x86_64-unknown-linux-gnu/13.2.0' '-L/nix/store/p3ffjixpnfgkqh20nsrc13vrj3yfi0nj-gcc-13.2.0-lib/lib' '-L/nix/store/p3ffjixpnfgkqh20nsrc13vrj3yfi0nj-gcc-13.2.0-lib/lib' '-shared-libgcc' '-mtune=generic' '-march=x86-64' '-dumpdir' 'cmTC_f6746.'
gmake[1]: Leaving directory '/home/shane/bayesian/build/CMakeFiles/CMakeScratch/TryCompile-sVyGvk'



Parsed CXX implicit include dir info from above output: rv=done
  found start of include info
  found start of implicit include info
    add: [/nix/store/9hgsinpfgyvsd92v0wlvmxv9wnaal68r-gcc-13.2.0/include/c++/13.2.0/]
    add: [/nix/store/9hgsinpfgyvsd92v0wlvmxv9wnaal68r-gcc-13.2.0/include/c++/13.2.0//x86_64-unknown-linux-gnu]
    add: [/nix/store/9hgsinpfgyvsd92v0wlvmxv9wnaal68r-gcc-13.2.0/include/c++/13.2.0//backward]
    add: [/nix/store/9hgsinpfgyvsd92v0wlvmxv9wnaal68r-gcc-13.2.0/lib/gcc/x86_64-unknown-linux-gnu/13.2.0/include]
    add: [/nix/store/9hgsinpfgyvsd92v0wlvmxv9wnaal68r-gcc-13.2.0/include]
    add: [/nix/store/9hgsinpfgyvsd92v0wlvmxv9wnaal68r-gcc-13.2.0/lib/gcc/x86_64-unknown-linux-gnu/13.2.0/include-fixed]
    add: [/nix/store/s3pvsv4as7mc8i2nwnk2hnsyi2qdj4bq-glibc-2.39-31-dev/include]
  end of search list found
  collapse include dir [/nix/store/9hgsinpfgyvsd92v0wlvmxv9wnaal68r-gcc-13.2.0/include/c++/13.2.0/] ==> [/nix/store/9hgsinpfgyvsd92v0wlvmxv9wnaal68r-gcc-13.2.0/include/c++/13.2.0]
  collapse include dir [/nix/store/9hgsinpfgyvsd92v0wlvmxv9wnaal68r-gcc-13.2.0/include/c++/13.2.0//x86_64-unknown-linux-gnu] ==> [/nix/store/9hgsinpfgyvsd92v0wlvmxv9wnaal68r-gcc-13.2.0/include/c++/13.2.0/x86_64-unknown-linux-gnu]
  collapse include dir [/nix/store/9hgsinpfgyvsd92v0wlvmxv9wnaal68r-gcc-13.2.0/include/c++/13.2.0//backward] ==> [/nix/store/9hgsinpfgyvsd92v0wlvmxv9wnaal68r-gcc-13.2.0/include/c++/13.2.0/backward]
  collapse include dir [/nix/store/9hgsinpfgyvsd92v0wlvmxv9wnaal68r-gcc-13.2.0/lib/gcc/x86_64-unknown-linux-gnu/13.2.0/include] ==> [/nix/store/9hgsinpfgyvsd92v0wlvmxv9wnaal68r-gcc-13.2.0/lib/gcc/x86_64-unknown-linux-gnu/13.2.0/include]
  collapse include dir [/nix/store/9hgsinpfgyvsd92v0wlvmxv9wnaal68r-gcc-13.2.0/include] ==> [/nix/store/9hgsinpfgyvsd92v0wlvmxv9wnaal68r-gcc-13.2.0/include]
  collapse include dir [/nix/store/9hgsinpfgyvsd92v0wlvmxv9wnaal68r-gcc-13.2.0/lib/gcc/x86_64-unknown-linux-gnu/13.2.0/include-fixed] ==> [/nix/store/9hgsinpfgyvsd92v0wlvmxv9wnaal68r-gcc-13.2.0/lib/gcc/x86_64-unknown-linux-gnu/13.2.0/include-fixed]
  collapse include dir [/nix/store/s3pvsv4as7mc8i2nwnk2hnsyi2qdj4bq-glibc-2.39-31-dev/include] ==> [/nix/store/s3pvsv4as7mc8i2nwnk2hnsyi2qdj4bq-glibc-2.39-31-dev/include]
  implicit include dirs: [/nix/store/9hgsinpfgyvsd92v0wlvmxv9wnaal68r-gcc-13.2.0/include/c++/13.2.0;/nix/store/9hgsinpfgyvsd92v0wlvmxv9wnaal68r-gcc-13.2.0/include/c++/13.2.0/x86_64-unknown-linux-gnu;/nix/store/9hgsinpfgyvsd92v0wlvmxv9wnaal68r-gcc-13.2.0/include/c++/13.2.0/backward;/nix/store/9hgsinpfgyvsd92v0wlvmxv9wnaal68r-gcc-13.2.0/lib/gcc/x86_64-unknown-linux-gnu/13.2.0/include;/nix/store/9hgsinpfgyvsd92v0wlvmxv9wnaal68r-gcc-13.2.0/include;/nix/store/9hgsinpfgyvsd92v0wlvmxv9wnaal68r-gcc-13.2.0/lib/gcc/x86_64-unknown-linux-gnu/13.2.0/include-fixed;/nix/store/s3pvsv4as7mc8i2nwnk2hnsyi2qdj4bq-glibc-2.39-31-dev/include]


Parsed CXX implicit link information from above output:
  link line regex: [^( *|.*[/\])(ld|CMAKE_LINK_STARTFILE-NOTFOUND|([^/\]+-)?ld|collect2)[^/\]*( |$)]
  ignore line: [Change Dir: /home/shane/bayesian/build/CMakeFiles/CMakeScratch/TryCompile-sVyGvk]
  ignore line: []
  ignore line: [Run Build Command(s):/usr/bin/gmake -f Makefile cmTC_f6746/fast && /usr/bin/gmake  -f CMakeFiles/cmTC_f6746.dir/build.make CMakeFiles/cmTC_f6746.dir/build]
  ignore line: [gmake[1]: Entering directory '/home/shane/bayesian/build/CMakeFiles/CMakeScratch/TryCompile-sVyGvk']
  ignore line: [Building CXX object CMakeFiles/cmTC_f6746.dir/CMakeCXXCompilerABI.cpp.o]
  ignore line: [/nix/store/8mjb3ziimfi3rki71q4s0916xkm4cm5p-gcc-wrapper-13.2.0/bin/g++   -v -o CMakeFiles/cmTC_f6746.dir/CMakeCXXCompilerABI.cpp.o -c /usr/share/cmake-3.25/Modules/CMakeCXXCompilerABI.cpp]
  ignore line: [Using built-in specs.]
  ignore line: [COLLECT_GCC=/nix/store/9hgsinpfgyvsd92v0wlvmxv9wnaal68r-gcc-13.2.0/bin/g++]
  ignore line: [Target: x86_64-unknown-linux-gnu]
  ignore line: [Configured with: ../gcc-13.2.0/configure --prefix=/nix/store/eeeeeeeeeeeeeeeeeeeeeeeeeeeeeeee-gcc-13.2.0 --with-gmp-include=/nix/store/eeeeeeeeeeeeeeeeeeeeeeeeeeeeeeee-gmp-6.3.0-dev/include --with-gmp-lib=/nix/store/eeeeeeeeeeeeeeeeeeeeeeeeeeeeeeee-gmp-6.3.0/lib --with-mpfr-include=/nix/store/eeeeeeeeeeeeeeeeeeeeeeeeeeeeeeee-mpfr-4.2.1-dev/include --with-mpfr-lib=/nix/store/eeeeeeeeeeeeeeeeeeeeeeeeeeeeeeee-mpfr-4.2.1/lib --with-mpc=/nix/store/eeeeeeeeeeeeeeeeeeeeeeeeeeeeeeee-libmpc-1.3.1 --with-native-system-header-dir=/nix/store/eeeeeeeeeeeeeeeeeeeeeeeeeeeeeeee-glibc-2.39-31-dev/include --with-build-sysroot=/ --with-gxx-include-dir=/nix/store/eeeeeeeeeeeeeeeeeeeeeeeeeeeeeeee-gcc-13.2.0/include/c++/13.2.0/ --program-prefix= --enable-lto --disable-libstdcxx-pch --without-included-gettext --with-system-zlib --enable-static --enable-languages=c c++ --disable-multilib --enable-plugin --disable-libcc1 --with-isl=/nix/store/eeeeeeeeeeeeeeeeeeeeeeeeeeeeeeee-isl-0.20 --disable-bootstrap --build=x86_64-unknown-linux-gnu --host=x86_64-unknown-linux-gnu --target=x86_64-unknown-linux-gnu]
  ignore line: [Thread model: posix]
  ignore line: [Supported LTO compression algorithms: zlib]
  ignore line: [gcc version 13.2.0 (GCC) ]
  ignore line: [COLLECT_GCC_OPTIONS='-v' '-o' 'CMakeFiles/cmTC_f6746.dir/CMakeCXXCompilerABI.cpp.o' '-c' '-B' '/nix/store/apab5i73dqa09wx0q27b6fbhd1r18ihl-glibc-2.39-31/lib/' '-idirafter' '/nix/store/s3pvsv4as7mc8i2nwnk2hnsyi2qdj4bq-glibc-2.39-31-dev/include' '-idirafter' '/nix/store/9hgsinpfgyvsd92v0wlvmxv9wnaal68r-gcc-13.2.0/lib/gcc/x86_64-unknown-linux-gnu/13.2.0/include-fixed' '-B' '/nix/store/p3ffjixpnfgkqh20nsrc13vrj3yfi0nj-gcc-13.2.0-lib/lib' '-B' '/nix/store/8mjb3ziimfi3rki71q4s0916xkm4cm5p-gcc-wrapper-13.2.0/bin/' '-shared-libgcc' '-mtune=generic' '-march=x86-64' '-dumpdir' 'CMakeFiles/cmTC_f6746.dir/']
  ignore line: [ /nix/store/9hgsinpfgyvsd92v0wlvmxv9wnaal68r-gcc-13.2.0/libexec/gcc/x86_64-unknown-linux-gnu/13.2.0/cc1plus -quiet -v -D_GNU_SOURCE -idirafter /nix/store/s3pvsv4as7mc8i2nwnk2hnsyi2qdj4bq-glibc-2.39-31-dev/include -idirafter /nix/store/9hgsinpfgyvsd92v0wlvmxv9wnaal68r-gcc-13.2.0/lib/gcc/x86_64-unknown-linux-gnu/13.2.0/include-fixed /usr/share/cmake-3.25/Modules/CMakeCXXCompilerABI.cpp -quiet -dumpdir CMakeFiles/cmTC_f6746.dir/ -dumpbase CMakeCXXCompilerABI.cpp.cpp -dumpbase-ext .cpp -mtune=generic -march=x86-64 -version -o /tmp/cc4OpyVp.s]
  ignore line: [GNU C++17 (GCC) version 13.2.0 (x86_64-unknown-linux-gnu)]
  ignore line: [	compiled by GNU C version 13.2.0  GMP version 6.3.0  MPFR version 4.2.1  MPC version 1.3.1  isl version isl-0.20-GMP]
  ignore line: []
  ignore line: [GGC heuristics: --param ggc-min-expand=100 --param ggc-min-heapsize=131072]
  ignore line: [ignoring nonexistent directory "/nix/store/9hgsinpfgyvsd92v0wlvmxv9wnaal68r-gcc-13.2.0/lib/gcc/x86_64-unknown-linux-gnu/13.2.0/../../../../x86_64-unknown-linux-gnu/include"]
  ignore line: [ignoring duplicate directory "/nix/store/s3pvsv4as7mc8i2nwnk2hnsyi2qdj4bq-glibc-2.39-31-dev/include"]
  ignore line: [ignoring duplicate directory "/nix/store/9hgsinpfgyvsd92v0wlvmxv9wnaal68r-gcc-13.2.0/lib/gcc/x86_64-unknown-linux-gnu/13.2.0/include-fixed"]
  ignore line: [#include "..." search starts here:]
  ignore line: [#include <...> search starts here:]
  ignore line: [ /nix/store/9hgsinpfgyvsd92v0wlvmxv9wnaal68r-gcc-13.2.0/include/c++/13.2.0/]
  ignore line: [ /nix/store/9hgsinpfgyvsd92v0wlvmxv9wnaal68r-gcc-13.2.0/include/c++/13.2.0//x86_64-unknown-linux-gnu]
  ignore line: [ /nix/store/9hgsinpfgyvsd92v0wlvmxv9wnaal68r-gcc-13.2.0/include/c++/13.2.0//backward]
  ignore line: [ /nix/store/9hgsinpfgyvsd92v0wlvmxv9wnaal68r-gcc-13.2.0/lib/gcc/x86_64-unknown-linux-gnu/13.2.0/include]
  ignore line: [ /nix/store/9hgsinpfgyvsd92v0wlvmxv9wnaal68r-gcc-13.2.0/include]
  ignore line: [ /nix/store/9hgsinpfgyvsd92v0wlvmxv9wnaal68r-gcc-13.2.0/lib/gcc/x86_64-unknown-linux-gnu/13.2.0/include-fixed]
  ignore line: [ /nix/store/s3pvsv4as7mc8i2nwnk2hnsyi2qdj4bq-glibc-2.39-31-dev/include]
  ignore line: [End of search list.]
  ignore line: [Compiler executable checksum: f1a790dfca0e1b2d753ea1a34dbc374f]
  ignore line: [COLLECT_GCC_OPTIONS='-v' '-o' 'CMakeFiles/cmTC_f6746.dir/CMakeCXXCompilerABI.cpp.o' '-c' '-B' '/nix/store/apab5i73dqa09wx0q27b6fbhd1r18ihl-glibc-2.39-31/lib/' '-idirafter' '/nix/store/s3pvsv4as7mc8i2nwnk2hnsyi2qdj4bq-glibc-2.39-31-dev/include' '-idirafter' '/nix/store/9hgsinpfgyvsd92v0wlvmxv9wnaal68r-gcc-13.2.0/lib/gcc/x86_64-unknown-linux-gnu/13.2.0/include-fixed' '-B' '/nix/store/p3ffjixpnfgkqh20nsrc13vrj3yfi0nj-gcc-13.2.0-lib/lib' '-B' '/nix/store/8mjb3ziimfi3rki71q4s0916xkm4cm5p-gcc-wrapper-13.2.0/bin/' '-shared-libgcc' '-mtune=generic' '-march=x86-64' '-dumpdir' 'CMakeFiles/cmTC_f6746.dir/']
  ignore line: [ /nix/store/8mjb3ziimfi3rki71q4s0916xkm4cm5p-gcc-wrapper-13.2.0/bin/as -v --64 -o CMakeFiles/cmTC_f6746.dir/CMakeCXXCompilerABI.cpp.o /tmp/cc4OpyVp.s]
  ignore line: [GNU assembler version 2.41 (x86_64-unknown-linux-gnu) using BFD version (GNU Binutils) 2.41]
  ignore line: [COMPILER_PATH=/nix/store/apab5i73dqa09wx0q27b6fbhd1r18ihl-glibc-2.39-31/lib/:/nix/store/p3ffjixpnfgkqh20nsrc13vrj3yfi0nj-gcc-13.2.0-lib/lib/:/nix/store/8mjb3ziimfi3rki71q4s0916xkm4cm5p-gcc-wrapper-13.2.0/bin/:/nix/store/9hgsinpfgyvsd92v0wlvmxv9wnaal68r-gcc-13.2.0/libexec/gcc/x86_64-unknown-linux-gnu/13.2.0/:/nix/store/9hgsinpfgyvsd92v0wlvmxv9wnaal68r-gcc-13.2.0/libexec/gcc/x86_64-unknown-linux-gnu/13.2.0/:/nix/store/9hgsinpfgyvsd92v0wlvmxv9wnaal68r-gcc-13.2.0/libexec/gcc/x86_64-unknown-linux-gnu/:/nix/store/9hgsinpfgyvsd92v0wlvmxv9wnaal68r-gcc-13.2.0/lib/gcc/x86_64-unknown-linux-gnu/13.2.0/:/nix/store/9hgsinpfgyvsd92v0wlvmxv9wnaal68r-gcc-13.2.0/lib/gcc/x86_64-unknown-linux-gnu/]
  ignore line: [LIBRARY_PATH=/nix/store/apab5i73dqa09wx0q27b6fbhd1r18ihl-glibc-2.39-31/lib/:/nix/store/p3ffjixpnfgkqh20nsrc13vrj3yfi0nj-gcc-13.2.0-lib/lib/:/nix/store/8mjb3ziimfi3rki71q4s0916xkm4cm5p-gcc-wrapper-13.2.0/bin/:/nix/store/9hgsinpfgyvsd92v0wlvmxv9wnaal68r-gcc-13.2.0/lib/gcc/x86_64-unknown-linux-gnu/13.2.0/:/nix/store/9hgsinpfgyvsd92v0wlvmxv9wnaal68r-gcc-13.2.0/lib/gcc/x86_64-unknown-linux-gnu/13.2.0/../../../../lib64/:/nix/store/9hgsinpfgyvsd92v0wlvmxv9wnaal68r-gcc-13.2.0/lib/gcc/x86_64-unknown-linux-gnu/13.2.0/../../../]
  ignore line: [COLLECT_GCC_OPTIONS='-v' '-o' 'CMakeFiles/cmTC_f6746.dir/CMakeCXXCompilerABI.cpp.o' '-c' '-B' '/nix/store/apab5i73dqa09wx0q27b6fbhd1r18ihl-glibc-2.39-31/lib/' '-idirafter' '/nix/store/s3pvsv4as7mc8i2nwnk2hnsyi2qdj4bq-glibc-2.39-31-dev/include' '-idirafter' '/nix/store/9hgsinpfgyvsd92v0wlvmxv9wnaal68r-gcc-13.2.0/lib/gcc/x86_64-unknown-linux-gnu/13.2.0/include-fixed' '-B' '/nix/store/p3ffjixpnfgkqh20nsrc13vrj3yfi0nj-gcc-13.2.0-lib/lib' '-B' '/nix/store/8mjb3ziimfi3rki71q4s0916xkm4cm5p-gcc-wrapper-13.2.0/bin/' '-shared-libgcc' '-mtune=generic' '-march=x86-64' '-dumpdir' 'CMakeFiles/cmTC_f6746.dir/CMakeCXXCompilerABI.cpp.']
  ignore line: [Linking CXX executable cmTC_f6746]
  ignore line: [/usr/bin/cmake -E cmake_link_script CMakeFiles/cmTC_f6746.dir/link.txt --verbose=1]
  ignore line: [/nix/store/8mjb3ziimfi3rki71q4s0916xkm4cm5p-gcc-wrapper-13.2.0/bin/g++  -v CMakeFiles/cmTC_f6746.dir/CMakeCXXCompilerABI.cpp.o -o cmTC_f6746 ]
  ignore line: [Using built-in specs.]
  ignore line: [COLLECT_GCC=/nix/store/9hgsinpfgyvsd92v0wlvmxv9wnaal68r-gcc-13.2.0/bin/g++]
  ignore line: [COLLECT_LTO_WRAPPER=/nix/store/9hgsinpfgyvsd92v0wlvmxv9wnaal68r-gcc-13.2.0/libexec/gcc/x86_64-unknown-linux-gnu/13.2.0/lto-wrapper]
  ignore line: [Target: x86_64-unknown-linux-gnu]
  ignore line: [Configured with: ../gcc-13.2.0/configure --prefix=/nix/store/eeeeeeeeeeeeeeeeeeeeeeeeeeeeeeee-gcc-13.2.0 --with-gmp-include=/nix/store/eeeeeeeeeeeeeeeeeeeeeeeeeeeeeeee-gmp-6.3.0-dev/include --with-gmp-lib=/nix/store/eeeeeeeeeeeeeeeeeeeeeeeeeeeeeeee-gmp-6.3.0/lib --with-mpfr-include=/nix/store/eeeeeeeeeeeeeeeeeeeeeeeeeeeeeeee-mpfr-4.2.1-dev/include --with-mpfr-lib=/nix/store/eeeeeeeeeeeeeeeeeeeeeeeeeeeeeeee-mpfr-4.2.1/lib --with-mpc=/nix/store/eeeeeeeeeeeeeeeeeeeeeeeeeeeeeeee-libmpc-1.3.1 --with-native-system-header-dir=/nix/store/eeeeeeeeeeeeeeeeeeeeeeeeeeeeeeee-glibc-2.39-31-dev/include --with-build-sysroot=/ --with-gxx-include-dir=/nix/store/eeeeeeeeeeeeeeeeeeeeeeeeeeeeeeee-gcc-13.2.0/include/c++/13.2.0/ --program-prefix= --enable-lto --disable-libstdcxx-pch --without-included-gettext --with-system-zlib --enable-static --enable-languages=c c++ --disable-multilib --enable-plugin --disable-libcc1 --with-isl=/nix/store/eeeeeeeeeeeeeeeeeeeeeeeeeeeeeeee-isl-0.20 --disable-bootstrap --build=x86_64-unknown-linux-gnu --host=x86_64-unknown-linux-gnu --target=x86_64-unknown-linux-gnu]
  ignore line: [Thread model: posix]
  ignore line: [Supported LTO compression algorithms: zlib]
  ignore line: [gcc version 13.2.0 (GCC) ]
  ignore line: [COMPILER_PATH=/nix/store/apab5i73dqa09wx0q27b6fbhd1r18ihl-glibc-2.39-31/lib/:/nix/store/p3ffjixpnfgkqh20nsrc13vrj3yfi0nj-gcc-13.2.0-lib/lib/:/nix/store/8mjb3ziimfi3rki71q4s0916xkm4cm5p-gcc-wrapper-13.2.0/bin/:/nix/store/9hgsinpfgyvsd92v0wlvmxv9wnaal68r-gcc-13.2.0/libexec/gcc/x86_64-unknown-linux-gnu/13.2.0/:/nix/store/9hgsinpfgyvsd92v0wlvmxv9wnaal68r-gcc-13.2.0/libexec/gcc/x86_64-unknown-linux-gnu/13.2.0/:/nix/store/9hgsinpfgyvsd92v0wlvmxv9wnaal68r-gcc-13.2.0/libexec/gcc/x86_64-unknown-linux-gnu/:/nix/store/9hgsinpfgyvsd92v0wlvmxv9wnaal68r-gcc-13.2.0/lib/gcc/x86_64-unknown-linux-gnu/13.2.0/:/nix/store/9hgsinpfgyvsd92v0wlvmxv9wnaal68r-gcc-13.2.0/lib/gcc/x86_64-unknown-linux-gnu/]
  ignore line: [LIBRARY_PATH=/nix/store/apab5i73dqa09wx0q27b6fbhd1r18ihl-glibc-2.39-31/lib/:/nix/store/p3ffjixpnfgkqh20nsrc13vrj3yfi0nj-gcc-13.2.0-lib/lib/:/nix/store/8mjb3ziimfi3rki71q4s0916xkm4cm5p-gcc-wrapper-13.2.0/bin/:/nix/store/9hgsinpfgyvsd92v0wlvmxv9wnaal68r-gcc-13.2.0/lib/gcc/x86_64-unknown-linux-gnu/13.2.0/:/nix/store/9hgsinpfgyvsd92v0wlvmxv9wnaal68r-gcc-13.2.0/lib/gcc/x86_64-unknown-linux-gnu/13.2.0/../../../../lib64/:/nix/store/9hgsinpfgyvsd92v0wlvmxv9wnaal68r-gcc-13.2.0/lib/gcc/x86_64-unknown-linux-gnu/13.2.0/../../../]
  ignore line: [COLLECT_GCC_OPTIONS='-v' '-o' 'cmTC_f6746' '-B' '/nix/store/apab5i73dqa09wx0q27b6fbhd1r18ihl-glibc-2.39-31/lib/' '-idirafter' '/nix/store/s3pvsv4as7mc8i2nwnk2hnsyi2qdj4bq-glibc-2.39-31-dev/include' '-idirafter' '/nix/store/9hgsinpfgyvsd92v0wlvmxv9wnaal68r-gcc-13.2.0/lib/gcc/x86_64-unknown-linux-gnu/13.2.0/include-fixed' '-B' '/nix/store/p3ffjixpnfgkqh20nsrc13vrj3yfi0nj-gcc-13.2.0-lib/lib' '-B' '/nix/store/8mjb3ziimfi3rki71q4s0916xkm4cm5p-gcc-wrapper-13.2.0/bin/' '-L/nix/store/apab5i73dqa09wx0q27b6fbhd1r18ihl-glibc-2.39-31/lib' '-L/nix/store/9hgsinpfgyvsd92v0wlvmxv9wnaal68r-gcc-13.2.0/lib/gcc/x86_64-unknown-linux-gnu/13.2.0' '-L/nix/store/p3ffjixpnfgkqh20nsrc13vrj3yfi0nj-gcc-13.2.0-lib/lib' '-L/nix/store/p3ffjixpnfgkqh20nsrc13vrj3yfi0nj-gcc-13.2.0-lib/lib' '-shared-libgcc' '-mtune=generic' '-march=x86-64' '-dumpdir' 'cmTC_f6746.']
  link line: [ /nix/store/9hgsinpfgyvsd92v0wlvmxv9wnaal68r-gcc-13.2.0/libexec/gcc/x86_64-unknown-linux-gnu/13.2.0/collect2 -plugin /nix/store/9hgsinpfgyvsd92v0wlvmxv9wnaal68r-gcc-13.2.0/libexec/gcc/x86_64-unknown-linux-gnu/13.2.0/liblto_plugin.so -plugin-opt=/nix/store/9hgsinpfgyvsd92v0wlvmxv9wnaal68r-gcc-13.2.0/libexec/gcc/x86_64-unknown-linux-gnu/13.2.0/lto-wrapper -plugin-opt=-fresolution=/tmp/ccofaa4y.res -plugin-opt=-pass-through=-lgcc_s -plugin-opt=-pass-through=-lgcc -plugin-opt=-pass-through=-lc -plugin-opt=-pass-through=-lgcc_s -plugin-opt=-pass-through=-lgcc --eh-frame-hdr -m elf_x86_64 -dynamic-linker /nix/store/apab5i73dqa09wx0q27b6fbhd1r18ihl-glibc-2.39-31/lib64/ld-linux-x86-64.so.2 -o cmTC_f6746 /nix/store/apab5i73dqa09wx0q27b6fbhd1r18ihl-glibc-2.39-31/lib/crt1.o /nix/store/apab5i73dqa09wx0q27b6fbhd1r18ihl-glibc-2.39-31/lib/crti.o /nix/store/9hgsinpfgyvsd92v0wlvmxv9wnaal68r-gcc-13.2.0/lib/gcc/x86_64-unknown-linux-gnu/13.2.0/crtbegin.o -L/nix/store/apab5i73dqa09wx0q27b6fbhd1r18ihl-glibc-2.39-31/lib -L/nix/store/9hgsinpfgyvsd92v0wlvmxv9wnaal68r-gcc-13.2.0/lib/gcc/x86_64-unknown-linux-gnu/13.2.0 -L/nix/store/p3ffjixpnfgkqh20nsrc13vrj3yfi0nj-gcc-13.2.0-lib/lib -L/nix/store/p3ffjixpnfgkqh20nsrc13vrj3yfi0nj-gcc-13.2.0-lib/lib -L/nix/store/apab5i73dqa09wx0q27b6fbhd1r18ihl-glibc-2.39-31/lib -L/nix/store/p3ffjixpnfgkqh20nsrc13vrj3yfi0nj-gcc-13.2.0-lib/lib -L/nix/store/8mjb3ziimfi3rki71q4s0916xkm4cm5p-gcc-wrapper-13.2.0/bin -L/nix/store/9hgsinpfgyvsd92v0wlvmxv9wnaal68r-gcc-13.2.0/lib/gcc/x86_64-unknown-linux-gnu/13.2.0 -L/nix/store/9hgsinpfgyvsd92v0wlvmxv9wnaal68r-gcc-13.2.0/lib/gcc/x86_64-unknown-linux-gnu/13.2.0/../../../../lib64 -L/nix/store/9hgsinpfgyvsd92v0wlvmxv9wnaal68r-gcc-13.2.0/lib/gcc/x86_64-unknown-linux-gnu/13.2.0/../../.. -dynamic-linker=/nix/store/apab5i73dqa09wx0q27b6fbhd1r18ihl-glibc-2.39-31/lib/ld-linux-x86-64.so.2 CMakeFiles/cmTC_f6746.dir/CMakeCXXCompilerABI.cpp.o -lstdc++ -lm -lgcc_s -lgcc -lc -lgcc_s -lgcc /nix/store/9hgsinpfgyvsd92v0wlvmxv9wnaal68r-gcc-13.2.0/lib/gcc/x86_64-unknown-linux-gnu/13.2.0/crtend.o /nix/store/apab5i73dqa09wx0q27b6fbhd1r18ihl-glibc-2.39-31/lib/crtn.o]
    arg [/nix/store/9hgsinpfgyvsd92v0wlvmxv9wnaal68r-gcc-13.2.0/libexec/gcc/x86_64-unknown-linux-gnu/13.2.0/collect2] ==> ignore
    arg [-plugin] ==> ignore
    arg [/nix/store/9hgsinpfgyvsd92v0wlvmxv9wnaal68r-gcc-13.2.0/libexec/gcc/x86_64-unknown-linux-gnu/13.2.0/liblto_plugin.so] ==> ignore
    arg [-plugin-opt=/nix/store/9hgsinpfgyvsd92v0wlvmxv9wnaal68r-gcc-13.2.0/libexec/gcc/x86_64-unknown-linux-gnu/13.2.0/lto-wrapper] ==> ignore
    arg [-plugin-opt=-fresolution=/tmp/ccofaa4y.res] ==> ignore
    arg [-plugin-opt=-pass-through=-lgcc_s] ==> ignore
    arg [-plugin-opt=-pass-through=-lgcc] ==> ignore
    arg [-plugin-opt=-pass-through=-lc] ==> ignore
    arg [-plugin-opt=-pass-through=-lgcc_s] ==> ignore
    arg [-plugin-opt=-pass-through=-lgcc] ==> ignore
    arg [--eh-frame-hdr] ==> ignore
    arg [-m] ==> ignore
    arg [elf_x86_64] ==> ignore
    arg [-dynamic-linker] ==> ignore
    arg [/nix/store/apab5i73dqa09wx0q27b6fbhd1r18ihl-glibc-2.39-31/lib64/ld-linux-x86-64.so.2] ==> ignore
    arg [-o] ==> ignore
    arg [cmTC_f6746] ==> ignore
    arg [/nix/store/apab5i73dqa09wx0q27b6fbhd1r18ihl-glibc-2.39-31/lib/crt1.o] ==> obj [/nix/store/apab5i73dqa09wx0q27b6fbhd1r18ihl-glibc-2.39-31/lib/crt1.o]
    arg [/nix/store/apab5i73dqa09wx0q27b6fbhd1r18ihl-glibc-2.39-31/lib/crti.o] ==> obj [/nix/store/apab5i73dqa09wx0q27b6fbhd1r18ihl-glibc-2.39-31/lib/crti.o]
    arg [/nix/store/9hgsinpfgyvsd92v0wlvmxv9wnaal68r-gcc-13.2.0/lib/gcc/x86_64-unknown-linux-gnu/13.2.0/crtbegin.o] ==> obj [/nix/store/9hgsinpfgyvsd92v0wlvmxv9wnaal68r-gcc-13.2.0/lib/gcc/x86_64-unknown-linux-gnu/13.2.0/crtbegin.o]
    arg [-L/nix/store/apab5i73dqa09wx0q27b6fbhd1r18ihl-glibc-2.39-31/lib] ==> dir [/nix/store/apab5i73dqa09wx0q27b6fbhd1r18ihl-glibc-2.39-31/lib]
    arg [-L/nix/store/9hgsinpfgyvsd92v0wlvmxv9wnaal68r-gcc-13.2.0/lib/gcc/x86_64-unknown-linux-gnu/13.2.0] ==> dir [/nix/store/9hgsinpfgyvsd92v0wlvmxv9wnaal68r-gcc-13.2.0/lib/gcc/x86_64-unknown-linux-gnu/13.2.0]
    arg [-L/nix/store/p3ffjixpnfgkqh20nsrc13vrj3yfi0nj-gcc-13.2.0-lib/lib] ==> dir [/nix/store/p3ffjixpnfgkqh20nsrc13vrj3yfi0nj-gcc-13.2.0-lib/lib]
    arg [-L/nix/store/p3ffjixpnfgkqh20nsrc13vrj3yfi0nj-gcc-13.2.0-lib/lib] ==> dir [/nix/store/p3ffjixpnfgkqh20nsrc13vrj3yfi0nj-gcc-13.2.0-lib/lib]
    arg [-L/nix/store/apab5i73dqa09wx0q27b6fbhd1r18ihl-glibc-2.39-31/lib] ==> dir [/nix/store/apab5i73dqa09wx0q27b6fbhd1r18ihl-glibc-2.39-31/lib]
    arg [-L/nix/store/p3ffjixpnfgkqh20nsrc13vrj3yfi0nj-gcc-13.2.0-lib/lib] ==> dir [/nix/store/p3ffjixpnfgkqh20nsrc13vrj3yfi0nj-gcc-13.2.0-lib/lib]
    arg [-L/nix/store/8mjb3ziimfi3rki71q4s0916xkm4cm5p-gcc-wrapper-13.2.0/bin] ==> dir [/nix/store/8mjb3ziimfi3rki71q4s0916xkm4cm5p-gcc-wrapper-13.2.0/bin]
    arg [-L/nix/store/9hgsinpfgyvsd92v0wlvmxv9wnaal68r-gcc-13.2.0/lib/gcc/x86_64-unknown-linux-gnu/13.2.0] ==> dir [/nix/store/9hgsinpfgyvsd92v0wlvmxv9wnaal68r-gcc-13.2.0/lib/gcc/x86_64-unknown-linux-gnu/13.2.0]
    arg [-L/nix/store/9hgsinpfgyvsd92v0wlvmxv9wnaal68r-gcc-13.2.0/lib/gcc/x86_64-unknown-linux-gnu/13.2.0/../../../../lib64] ==> dir [/nix/store/9hgsinpfgyvsd92v0wlvmxv9wnaal68r-gcc-13.2.0/lib/gcc/x86_64-unknown-linux-gnu/13.2.0/../../../../lib64]
    arg [-L/nix/store/9hgsinpfgyvsd92v0wlvmxv9wnaal68r-gcc-13.2.0/lib/gcc/x86_64-unknown-linux-gnu/13.2.0/../../..] ==> dir [/nix/store/9hgsinpfgyvsd92v0wlvmxv9wnaal68r-gcc-13.2.0/lib/gcc/x86_64-unknown-linux-gnu/13.2.0/../../..]
    arg [-dynamic-linker=/nix/store/apab5i73dqa09wx0q27b6fbhd1r18ihl-glibc-2.39-31/lib/ld-linux-x86-64.so.2] ==> ignore
    arg [CMakeFiles/cmTC_f6746.dir/CMakeCXXCompilerABI.cpp.o] ==> ignore
    arg [-lstdc++] ==> lib [stdc++]
    arg [-lm] ==> lib [m]
    arg [-lgcc_s] ==> lib [gcc_s]
    arg [-lgcc] ==> lib [gcc]
    arg [-lc] ==> lib [c]
    arg [-lgcc_s] ==> lib [gcc_s]
    arg [-lgcc] ==> lib [gcc]
    arg [/nix/store/9hgsinpfgyvsd92v0wlvmxv9wnaal68r-gcc-13.2.0/lib/gcc/x86_64-unknown-linux-gnu/13.2.0/crtend.o] ==> obj [/nix/store/9hgsinpfgyvsd92v0wlvmxv9wnaal68r-gcc-13.2.0/lib/gcc/x86_64-unknown-linux-gnu/13.2.0/crtend.o]
    arg [/nix/store/apab5i73dqa09wx0q27b6fbhd1r18ihl-glibc-2.39-31/lib/crtn.o] ==> obj [/nix/store/apab5i73dqa09wx0q27b6fbhd1r18ihl-glibc-2.39-31/lib/crtn.o]
  collapse library dir [/nix/store/apab5i73dqa09wx0q27b6fbhd1r18ihl-glibc-2.39-31/lib] ==> [/nix/store/apab5i73dqa09wx0q27b6fbhd1r18ihl-glibc-2.39-31/lib]
  collapse library dir [/nix/store/9hgsinpfgyvsd92v0wlvmxv9wnaal68r-gcc-13.2.0/lib/gcc/x86_64-unknown-linux-gnu/13.2.0] ==> [/nix/store/9hgsinpfgyvsd92v0wlvmxv9wnaal68r-gcc-13.2.0/lib/gcc/x86_64-unknown-linux-gnu/13.2.0]
  collapse library dir [/nix/store/p3ffjixpnfgkqh20nsrc13vrj3yfi0nj-gcc-13.2.0-lib/lib] ==> [/nix/store/p3ffjixpnfgkqh20nsrc13vrj3yfi0nj-gcc-13.2.0-lib/lib]
  collapse library dir [/nix/store/p3ffjixpnfgkqh20nsrc13vrj3yfi0nj-gcc-13.2.0-lib/lib] ==> [/nix/store/p3ffjixpnfgkqh20nsrc13vrj3yfi0nj-gcc-13.2.0-lib/lib]
  collapse library dir [/nix/store/apab5i73dqa09wx0q27b6fbhd1r18ihl-glibc-2.39-31/lib] ==> [/nix/store/apab5i73dqa09wx0q27b6fbhd1r18ihl-glibc-2.39-31/lib]
  collapse library dir [/nix/store/p3ffjixpnfgkqh20nsrc13vrj3yfi0nj-gcc-13.2.0-lib/lib] ==> [/nix/store/p3ffjixpnfgkqh20nsrc13vrj3yfi0nj-gcc-13.2.0-lib/lib]
  collapse library dir [/nix/store/8mjb3ziimfi3rki71q4s0916xkm4cm5p-gcc-wrapper-13.2.0/bin] ==> [/nix/store/8mjb3ziimfi3rki71q4s0916xkm4cm5p-gcc-wrapper-13.2.0/bin]
  collapse library dir [/nix/store/9hgsinpfgyvsd92v0wlvmxv9wnaal68r-gcc-13.2.0/lib/gcc/x86_64-unknown-linux-gnu/13.2.0] ==> [/nix/store/9hgsinpfgyvsd92v0wlvmxv9wnaal68r-gcc-13.2.0/lib/gcc/x86_64-unknown-linux-gnu/13.2.0]
  collapse library dir [/nix/store/9hgsinpfgyvsd92v0wlvmxv9wnaal68r-gcc-13.2.0/lib/gcc/x86_64-unknown-linux-gnu/13.2.0/../../../../lib64] ==> [/nix/store/9hgsinpfgyvsd92v0wlvmxv9wnaal68r-gcc-13.2.0/lib64]
  collapse library dir [/nix/store/9hgsinpfgyvsd92v0wlvmxv9wnaal68r-gcc-13.2.0/lib/gcc/x86_64-unknown-linux-gnu/13.2.0/../../..] ==> [/nix/store/9hgsinpfgyvsd92v0wlvmxv9wnaal68r-gcc-13.2.0/lib]
  implicit libs: [stdc++;m;gcc_s;gcc;c;gcc_s;gcc]
  implicit objs: [/nix/store/apab5i73dqa09wx0q27b6fbhd1r18ihl-glibc-2.39-31/lib/crt1.o;/nix/store/apab5i73dqa09wx0q27b6fbhd1r18ihl-glibc-2.39-31/lib/crti.o;/nix/store/9hgsinpfgyvsd92v0wlvmxv9wnaal68r-gcc-13.2.0/lib/gcc/x86_64-unknown-linux-gnu/13.2.0/crtbegin.o;/nix/store/9hgsinpfgyvsd92v0wlvmxv9wnaal68r-gcc-13.2.0/lib/gcc/x86_64-unknown-linux-gnu/13.2.0/crtend.o;/nix/store/apab5i73dqa09wx0q27b6fbhd1r18ihl-glibc-2.39-31/lib/crtn.o]
  implicit dirs: [/nix/store/apab5i73dqa09wx0q27b6fbhd1r18ihl-glibc-2.39-31/lib;/nix/store/9hgsinpfgyvsd92v0wlvmxv9wnaal68r-gcc-13.2.0/lib/gcc/x86_64-unknown-linux-gnu/13.2.0;/nix/store/p3ffjixpnfgkqh20nsrc13vrj3yfi0nj-gcc-13.2.0-lib/lib;/nix/store/8mjb3ziimfi3rki71q4s0916xkm4cm5p-gcc-wrapper-13.2.0/bin;/nix/store/9hgsinpfgyvsd92v0wlvmxv9wnaal68r-gcc-13.2.0/lib64;/nix/store/9hgsinpfgyvsd92v0wlvmxv9wnaal68r-gcc-13.2.0/lib]
  implicit fwks: []


